{
  service: 'budget-backend',
  features: {
    CATEGORIZATION: true,
    NATURAL_LANGUAGE: true,
    PREDICTIONS: true,
    OCR: true,
    VOICE: true,
    ANOMALY: true,
    NOTIFICATIONS: true,
    COACH: true
  },
  level: 'info',
  message: 'AIOrchestrator initialized',
  timestamp: '2025-11-28 16:02:54'
}
{
  message: 'Scheduled notification job initialized (runs daily at 6:00 AM)',
  level: 'info',
  service: 'budget-backend',
  timestamp: '2025-11-28 16:02:54'
}
{
  message: 'Basic services initialized successfully',
  level: 'info',
  service: 'budget-backend',
  timestamp: '2025-11-28 16:02:54'
}
{
  message: 'Server is running on port 5001',
  level: 'info',
  service: 'budget-backend',
  timestamp: '2025-11-28 16:02:54'
}
{
  message: 'Environment: development',
  level: 'info',
  service: 'budget-backend',
  timestamp: '2025-11-28 16:02:54'
}
{
  service: 'budget-backend',
  features: {
    CATEGORIZATION: true,
    NATURAL_LANGUAGE: true,
    PREDICTIONS: true,
    OCR: true,
    VOICE: true,
    ANOMALY: true,
    NOTIFICATIONS: true,
    COACH: true
  },
  level: 'info',
  message: 'AIOrchestrator initialized',
  timestamp: '2025-11-28 17:57:24'
}
{
  message: 'Scheduled notification job initialized (runs daily at 6:00 AM)',
  level: 'info',
  service: 'budget-backend',
  timestamp: '2025-11-28 17:57:24'
}
{
  message: 'Basic services initialized successfully',
  level: 'info',
  service: 'budget-backend',
  timestamp: '2025-11-28 17:57:24'
}
{
  message: 'Server is running on port 5001',
  level: 'info',
  service: 'budget-backend',
  timestamp: '2025-11-28 17:57:24'
}
{
  message: 'Environment: development',
  level: 'info',
  service: 'budget-backend',
  timestamp: '2025-11-28 17:57:24'
}
{
  message: 'System health monitoring stopped',
  level: 'info',
  service: 'budget-backend',
  timestamp: '2025-11-28 18:01:23'
}
{
  service: 'budget-backend',
  features: {
    CATEGORIZATION: true,
    NATURAL_LANGUAGE: true,
    PREDICTIONS: true,
    OCR: true,
    VOICE: true,
    ANOMALY: true,
    NOTIFICATIONS: true,
    COACH: true
  },
  level: 'info',
  message: 'AIOrchestrator initialized',
  timestamp: '2025-11-29 10:23:19'
}
{
  message: 'Scheduled notification job initialized (runs daily at 6:00 AM)',
  level: 'info',
  service: 'budget-backend',
  timestamp: '2025-11-29 10:23:19'
}
{
  message: 'Basic services initialized successfully',
  level: 'info',
  service: 'budget-backend',
  timestamp: '2025-11-29 10:23:19'
}
{
  message: 'Server is running on port 5001',
  level: 'info',
  service: 'budget-backend',
  timestamp: '2025-11-29 10:23:19'
}
{
  message: 'Environment: development',
  level: 'info',
  service: 'budget-backend',
  timestamp: '2025-11-29 10:23:19'
}
{
  service: 'budget-backend',
  method: 'GET',
  url: '/health',
  statusCode: 200,
  duration: 9,
  userAgent: 'Mozilla/5.0 (Macintosh; Intel Mac OS X 10_15_7) AppleWebKit/537.36 (KHTML, like Gecko) Chrome/142.0.0.0 Safari/537.36',
  ip: '::1',
  userId: null,
  timestamp: '2025-11-29 10:23:28',
  level: 'info',
  message: 'HTTP Request'
}
{
  service: 'budget-backend',
  method: 'GET',
  url: '/rate-limit',
  statusCode: 401,
  duration: 1,
  userAgent: 'Mozilla/5.0 (Macintosh; Intel Mac OS X 10_15_7) AppleWebKit/537.36 (KHTML, like Gecko) Chrome/142.0.0.0 Safari/537.36',
  ip: '::1',
  userId: null,
  timestamp: '2025-11-29 10:23:28',
  level: 'info',
  message: 'HTTP Request'
}
{
  service: 'budget-backend',
  method: 'GET',
  url: '/',
  statusCode: 404,
  duration: 0,
  userAgent: 'Mozilla/5.0 (Macintosh; Intel Mac OS X 10_15_7) AppleWebKit/537.36 (KHTML, like Gecko) Chrome/142.0.0.0 Safari/537.36',
  ip: '127.0.0.1',
  userId: null,
  timestamp: '2025-11-29 10:23:28',
  level: 'info',
  message: 'HTTP Request'
}
{
  service: 'budget-backend',
  method: 'GET',
  url: '/health',
  statusCode: 200,
  duration: 1,
  userAgent: 'Mozilla/5.0 (Macintosh; Intel Mac OS X 10_15_7) AppleWebKit/537.36 (KHTML, like Gecko) Chrome/142.0.0.0 Safari/537.36',
  ip: '::1',
  userId: null,
  timestamp: '2025-11-29 10:23:29',
  level: 'info',
  message: 'HTTP Request'
}
{
  service: 'budget-backend',
  method: 'POST',
  url: '/login',
  statusCode: 200,
  duration: 345,
  userAgent: 'Mozilla/5.0 (Macintosh; Intel Mac OS X 10_15_7) AppleWebKit/537.36 (KHTML, like Gecko) Chrome/142.0.0.0 Safari/537.36',
  ip: '::1',
  userId: null,
  timestamp: '2025-11-29 10:23:35',
  level: 'info',
  message: 'HTTP Request'
}
{
  service: 'budget-backend',
  method: 'GET',
  url: '/',
  statusCode: 200,
  duration: 15,
  userAgent: 'Mozilla/5.0 (Macintosh; Intel Mac OS X 10_15_7) AppleWebKit/537.36 (KHTML, like Gecko) Chrome/142.0.0.0 Safari/537.36',
  ip: '::1',
  userId: '5f10819f-a875-4ebd-ad4c-72ebd3b19e87',
  timestamp: '2025-11-29 10:23:36',
  level: 'info',
  message: 'HTTP Request'
}
{
  service: 'budget-backend',
  method: 'GET',
  url: '/',
  statusCode: 200,
  duration: 14,
  userAgent: 'Mozilla/5.0 (Macintosh; Intel Mac OS X 10_15_7) AppleWebKit/537.36 (KHTML, like Gecko) Chrome/142.0.0.0 Safari/537.36',
  ip: '::1',
  userId: '5f10819f-a875-4ebd-ad4c-72ebd3b19e87',
  timestamp: '2025-11-29 10:23:36',
  level: 'info',
  message: 'HTTP Request'
}
{
  service: 'budget-backend',
  method: 'GET',
  url: '/recent?limit=5',
  statusCode: 200,
  duration: 10,
  userAgent: 'Mozilla/5.0 (Macintosh; Intel Mac OS X 10_15_7) AppleWebKit/537.36 (KHTML, like Gecko) Chrome/142.0.0.0 Safari/537.36',
  ip: '::1',
  userId: '5f10819f-a875-4ebd-ad4c-72ebd3b19e87',
  timestamp: '2025-11-29 10:23:36',
  level: 'info',
  message: 'HTTP Request'
}
{
  service: 'budget-backend',
  method: 'GET',
  url: '/',
  statusCode: 200,
  duration: 22,
  userAgent: 'Mozilla/5.0 (Macintosh; Intel Mac OS X 10_15_7) AppleWebKit/537.36 (KHTML, like Gecko) Chrome/142.0.0.0 Safari/537.36',
  ip: '::1',
  userId: '5f10819f-a875-4ebd-ad4c-72ebd3b19e87',
  timestamp: '2025-11-29 10:23:36',
  level: 'info',
  message: 'HTTP Request'
}
{
  service: 'budget-backend',
  method: 'GET',
  url: '/',
  statusCode: 200,
  duration: 17,
  userAgent: 'Mozilla/5.0 (Macintosh; Intel Mac OS X 10_15_7) AppleWebKit/537.36 (KHTML, like Gecko) Chrome/142.0.0.0 Safari/537.36',
  ip: '::1',
  userId: '5f10819f-a875-4ebd-ad4c-72ebd3b19e87',
  timestamp: '2025-11-29 10:23:36',
  level: 'info',
  message: 'HTTP Request'
}
{
  service: 'budget-backend',
  method: 'GET',
  url: '/debt-summary',
  statusCode: 200,
  duration: 17,
  userAgent: 'Mozilla/5.0 (Macintosh; Intel Mac OS X 10_15_7) AppleWebKit/537.36 (KHTML, like Gecko) Chrome/142.0.0.0 Safari/537.36',
  ip: '::1',
  userId: '5f10819f-a875-4ebd-ad4c-72ebd3b19e87',
  timestamp: '2025-11-29 10:23:36',
  level: 'info',
  message: 'HTTP Request'
}
{
  service: 'budget-backend',
  userId: '5f10819f-a875-4ebd-ad4c-72ebd3b19e87',
  level: 'info',
  message: 'Detecting overdue payments',
  timestamp: '2025-11-29 10:23:36'
}
{
  service: 'budget-backend',
  userId: '5f10819f-a875-4ebd-ad4c-72ebd3b19e87',
  totalCount: 24,
  totalAmount: 95011.2,
  level: 'info',
  message: 'Overdue payments detected',
  timestamp: '2025-11-29 10:23:36'
}
{
  service: 'budget-backend',
  method: 'GET',
  url: '/overdue/summary',
  statusCode: 200,
  duration: 18,
  userAgent: 'Mozilla/5.0 (Macintosh; Intel Mac OS X 10_15_7) AppleWebKit/537.36 (KHTML, like Gecko) Chrome/142.0.0.0 Safari/537.36',
  ip: '::1',
  userId: '5f10819f-a875-4ebd-ad4c-72ebd3b19e87',
  timestamp: '2025-11-29 10:23:36',
  level: 'info',
  message: 'HTTP Request'
}
{
  service: 'budget-backend',
  method: 'GET',
  url: '/verify',
  statusCode: 200,
  duration: 3,
  userAgent: 'Mozilla/5.0 (Macintosh; Intel Mac OS X 10_15_7) AppleWebKit/537.36 (KHTML, like Gecko) Chrome/142.0.0.0 Safari/537.36',
  ip: '::1',
  userId: '5f10819f-a875-4ebd-ad4c-72ebd3b19e87',
  timestamp: '2025-11-29 10:23:43',
  level: 'info',
  message: 'HTTP Request'
}
{
  service: 'budget-backend',
  method: 'GET',
  url: '/health',
  statusCode: 200,
  duration: 0,
  userAgent: 'Mozilla/5.0 (Macintosh; Intel Mac OS X 10_15_7) AppleWebKit/537.36 (KHTML, like Gecko) Chrome/142.0.0.0 Safari/537.36',
  ip: '::1',
  userId: null,
  timestamp: '2025-11-29 10:23:43',
  level: 'info',
  message: 'HTTP Request'
}
{
  service: 'budget-backend',
  method: 'GET',
  url: '/',
  statusCode: 200,
  duration: 5,
  userAgent: 'Mozilla/5.0 (Macintosh; Intel Mac OS X 10_15_7) AppleWebKit/537.36 (KHTML, like Gecko) Chrome/142.0.0.0 Safari/537.36',
  ip: '::1',
  userId: '5f10819f-a875-4ebd-ad4c-72ebd3b19e87',
  timestamp: '2025-11-29 10:23:43',
  level: 'info',
  message: 'HTTP Request'
}
{
  service: 'budget-backend',
  method: 'GET',
  url: '/',
  statusCode: 200,
  duration: 8,
  userAgent: 'Mozilla/5.0 (Macintosh; Intel Mac OS X 10_15_7) AppleWebKit/537.36 (KHTML, like Gecko) Chrome/142.0.0.0 Safari/537.36',
  ip: '::1',
  userId: '5f10819f-a875-4ebd-ad4c-72ebd3b19e87',
  timestamp: '2025-11-29 10:23:43',
  level: 'info',
  message: 'HTTP Request'
}
{
  service: 'budget-backend',
  method: 'GET',
  url: '/rate-limit',
  statusCode: 200,
  duration: 10,
  userAgent: 'Mozilla/5.0 (Macintosh; Intel Mac OS X 10_15_7) AppleWebKit/537.36 (KHTML, like Gecko) Chrome/142.0.0.0 Safari/537.36',
  ip: '::1',
  userId: '5f10819f-a875-4ebd-ad4c-72ebd3b19e87',
  timestamp: '2025-11-29 10:23:43',
  level: 'info',
  message: 'HTTP Request'
}
{
  service: 'budget-backend',
  method: 'GET',
  url: '/recent?limit=5',
  statusCode: 200,
  duration: 14,
  userAgent: 'Mozilla/5.0 (Macintosh; Intel Mac OS X 10_15_7) AppleWebKit/537.36 (KHTML, like Gecko) Chrome/142.0.0.0 Safari/537.36',
  ip: '::1',
  userId: '5f10819f-a875-4ebd-ad4c-72ebd3b19e87',
  timestamp: '2025-11-29 10:23:43',
  level: 'info',
  message: 'HTTP Request'
}
{
  service: 'budget-backend',
  method: 'GET',
  url: '/',
  statusCode: 200,
  duration: 14,
  userAgent: 'Mozilla/5.0 (Macintosh; Intel Mac OS X 10_15_7) AppleWebKit/537.36 (KHTML, like Gecko) Chrome/142.0.0.0 Safari/537.36',
  ip: '::1',
  userId: '5f10819f-a875-4ebd-ad4c-72ebd3b19e87',
  timestamp: '2025-11-29 10:23:43',
  level: 'info',
  message: 'HTTP Request'
}
{
  service: 'budget-backend',
  method: 'GET',
  url: '/',
  statusCode: 200,
  duration: 17,
  userAgent: 'Mozilla/5.0 (Macintosh; Intel Mac OS X 10_15_7) AppleWebKit/537.36 (KHTML, like Gecko) Chrome/142.0.0.0 Safari/537.36',
  ip: '::1',
  userId: '5f10819f-a875-4ebd-ad4c-72ebd3b19e87',
  timestamp: '2025-11-29 10:23:43',
  level: 'info',
  message: 'HTTP Request'
}
{
  service: 'budget-backend',
  method: 'GET',
  url: '/',
  statusCode: 200,
  duration: 4,
  userAgent: 'Mozilla/5.0 (Macintosh; Intel Mac OS X 10_15_7) AppleWebKit/537.36 (KHTML, like Gecko) Chrome/142.0.0.0 Safari/537.36',
  ip: '::1',
  userId: '5f10819f-a875-4ebd-ad4c-72ebd3b19e87',
  timestamp: '2025-11-29 10:23:43',
  level: 'info',
  message: 'HTTP Request'
}
{
  service: 'budget-backend',
  method: 'GET',
  url: '/debt-summary',
  statusCode: 200,
  duration: 6,
  userAgent: 'Mozilla/5.0 (Macintosh; Intel Mac OS X 10_15_7) AppleWebKit/537.36 (KHTML, like Gecko) Chrome/142.0.0.0 Safari/537.36',
  ip: '::1',
  userId: '5f10819f-a875-4ebd-ad4c-72ebd3b19e87',
  timestamp: '2025-11-29 10:23:43',
  level: 'info',
  message: 'HTTP Request'
}
{
  service: 'budget-backend',
  userId: '5f10819f-a875-4ebd-ad4c-72ebd3b19e87',
  level: 'info',
  message: 'Detecting overdue payments',
  timestamp: '2025-11-29 10:23:43'
}
{
  service: 'budget-backend',
  userId: '5f10819f-a875-4ebd-ad4c-72ebd3b19e87',
  totalCount: 24,
  totalAmount: 95011.2,
  level: 'info',
  message: 'Overdue payments detected',
  timestamp: '2025-11-29 10:23:43'
}
{
  service: 'budget-backend',
  method: 'GET',
  url: '/overdue/summary',
  statusCode: 200,
  duration: 25,
  userAgent: 'Mozilla/5.0 (Macintosh; Intel Mac OS X 10_15_7) AppleWebKit/537.36 (KHTML, like Gecko) Chrome/142.0.0.0 Safari/537.36',
  ip: '::1',
  userId: '5f10819f-a875-4ebd-ad4c-72ebd3b19e87',
  timestamp: '2025-11-29 10:23:43',
  level: 'info',
  message: 'HTTP Request'
}
{
  service: 'budget-backend',
  method: 'GET',
  url: '/health',
  statusCode: 200,
  duration: 1,
  userAgent: 'Mozilla/5.0 (Macintosh; Intel Mac OS X 10_15_7) AppleWebKit/537.36 (KHTML, like Gecko) Chrome/142.0.0.0 Safari/537.36',
  ip: '::1',
  userId: null,
  timestamp: '2025-11-29 10:23:44',
  level: 'info',
  message: 'HTTP Request'
}
{
  service: 'budget-backend',
  method: 'GET',
  url: '/',
  statusCode: 200,
  duration: 37,
  userAgent: 'Mozilla/5.0 (Macintosh; Intel Mac OS X 10_15_7) AppleWebKit/537.36 (KHTML, like Gecko) Chrome/142.0.0.0 Safari/537.36',
  ip: '::1',
  userId: '5f10819f-a875-4ebd-ad4c-72ebd3b19e87',
  timestamp: '2025-11-29 10:24:43',
  level: 'info',
  message: 'HTTP Request'
}
{
  service: 'budget-backend',
  method: 'GET',
  url: '/',
  statusCode: 200,
  duration: 5,
  userAgent: 'Mozilla/5.0 (Macintosh; Intel Mac OS X 10_15_7) AppleWebKit/537.36 (KHTML, like Gecko) Chrome/142.0.0.0 Safari/537.36',
  ip: '::1',
  userId: '5f10819f-a875-4ebd-ad4c-72ebd3b19e87',
  timestamp: '2025-11-29 10:24:56',
  level: 'info',
  message: 'HTTP Request'
}
{
  service: 'budget-backend',
  method: 'GET',
  url: '/',
  statusCode: 200,
  duration: 3,
  userAgent: 'Mozilla/5.0 (Macintosh; Intel Mac OS X 10_15_7) AppleWebKit/537.36 (KHTML, like Gecko) Chrome/142.0.0.0 Safari/537.36',
  ip: '::1',
  userId: '5f10819f-a875-4ebd-ad4c-72ebd3b19e87',
  timestamp: '2025-11-29 10:24:56',
  level: 'info',
  message: 'HTTP Request'
}
{
  service: 'budget-backend',
  method: 'DELETE',
  url: '/9f2ab2e7-cf43-4e8e-ad53-d416b32077f9',
  statusCode: 200,
  duration: 18,
  userAgent: 'Mozilla/5.0 (Macintosh; Intel Mac OS X 10_15_7) AppleWebKit/537.36 (KHTML, like Gecko) Chrome/142.0.0.0 Safari/537.36',
  ip: '::1',
  userId: '5f10819f-a875-4ebd-ad4c-72ebd3b19e87',
  timestamp: '2025-11-29 10:25:01',
  level: 'info',
  message: 'HTTP Request'
}
{
  service: 'budget-backend',
  method: 'GET',
  url: '/',
  statusCode: 200,
  duration: 4,
  userAgent: 'Mozilla/5.0 (Macintosh; Intel Mac OS X 10_15_7) AppleWebKit/537.36 (KHTML, like Gecko) Chrome/142.0.0.0 Safari/537.36',
  ip: '::1',
  userId: '5f10819f-a875-4ebd-ad4c-72ebd3b19e87',
  timestamp: '2025-11-29 10:25:01',
  level: 'info',
  message: 'HTTP Request'
}
{
  service: 'budget-backend',
  method: 'DELETE',
  url: '/aaee9cd4-b336-45c8-a43a-e64cf1c4e58c',
  statusCode: 200,
  duration: 27,
  userAgent: 'Mozilla/5.0 (Macintosh; Intel Mac OS X 10_15_7) AppleWebKit/537.36 (KHTML, like Gecko) Chrome/142.0.0.0 Safari/537.36',
  ip: '::1',
  userId: '5f10819f-a875-4ebd-ad4c-72ebd3b19e87',
  timestamp: '2025-11-29 10:25:04',
  level: 'info',
  message: 'HTTP Request'
}
{
  service: 'budget-backend',
  method: 'GET',
  url: '/',
  statusCode: 200,
  duration: 3,
  userAgent: 'Mozilla/5.0 (Macintosh; Intel Mac OS X 10_15_7) AppleWebKit/537.36 (KHTML, like Gecko) Chrome/142.0.0.0 Safari/537.36',
  ip: '::1',
  userId: '5f10819f-a875-4ebd-ad4c-72ebd3b19e87',
  timestamp: '2025-11-29 10:25:04',
  level: 'info',
  message: 'HTTP Request'
}
{
  service: 'budget-backend',
  method: 'GET',
  url: '/?type=overdraft',
  statusCode: 200,
  duration: 4,
  userAgent: 'Mozilla/5.0 (Macintosh; Intel Mac OS X 10_15_7) AppleWebKit/537.36 (KHTML, like Gecko) Chrome/142.0.0.0 Safari/537.36',
  ip: '::1',
  userId: '5f10819f-a875-4ebd-ad4c-72ebd3b19e87',
  timestamp: '2025-11-29 10:25:05',
  level: 'info',
  message: 'HTTP Request'
}
{
  service: 'budget-backend',
  method: 'DELETE',
  url: '/33aa42d5-465c-4a74-85fa-573124f41bea',
  statusCode: 200,
  duration: 7,
  userAgent: 'Mozilla/5.0 (Macintosh; Intel Mac OS X 10_15_7) AppleWebKit/537.36 (KHTML, like Gecko) Chrome/142.0.0.0 Safari/537.36',
  ip: '::1',
  userId: '5f10819f-a875-4ebd-ad4c-72ebd3b19e87',
  timestamp: '2025-11-29 10:25:08',
  level: 'info',
  message: 'HTTP Request'
}
{
  service: 'budget-backend',
  method: 'GET',
  url: '/?type=overdraft',
  statusCode: 200,
  duration: 4,
  userAgent: 'Mozilla/5.0 (Macintosh; Intel Mac OS X 10_15_7) AppleWebKit/537.36 (KHTML, like Gecko) Chrome/142.0.0.0 Safari/537.36',
  ip: '::1',
  userId: '5f10819f-a875-4ebd-ad4c-72ebd3b19e87',
  timestamp: '2025-11-29 10:25:09',
  level: 'info',
  message: 'HTTP Request'
}
{
  service: 'budget-backend',
  method: 'DELETE',
  url: '/9436c0e8-ad87-4a83-8e9e-093e864ee19c',
  statusCode: 200,
  duration: 14,
  userAgent: 'Mozilla/5.0 (Macintosh; Intel Mac OS X 10_15_7) AppleWebKit/537.36 (KHTML, like Gecko) Chrome/142.0.0.0 Safari/537.36',
  ip: '::1',
  userId: '5f10819f-a875-4ebd-ad4c-72ebd3b19e87',
  timestamp: '2025-11-29 10:25:11',
  level: 'info',
  message: 'HTTP Request'
}
{
  service: 'budget-backend',
  method: 'GET',
  url: '/?type=overdraft',
  statusCode: 200,
  duration: 8,
  userAgent: 'Mozilla/5.0 (Macintosh; Intel Mac OS X 10_15_7) AppleWebKit/537.36 (KHTML, like Gecko) Chrome/142.0.0.0 Safari/537.36',
  ip: '::1',
  userId: '5f10819f-a875-4ebd-ad4c-72ebd3b19e87',
  timestamp: '2025-11-29 10:25:11',
  level: 'info',
  message: 'HTTP Request'
}
{
  service: 'budget-backend',
  method: 'DELETE',
  url: '/3c5b9494-5b41-431c-a8d0-16806cd4432a',
  statusCode: 200,
  duration: 10,
  userAgent: 'Mozilla/5.0 (Macintosh; Intel Mac OS X 10_15_7) AppleWebKit/537.36 (KHTML, like Gecko) Chrome/142.0.0.0 Safari/537.36',
  ip: '::1',
  userId: '5f10819f-a875-4ebd-ad4c-72ebd3b19e87',
  timestamp: '2025-11-29 10:25:14',
  level: 'info',
  message: 'HTTP Request'
}
{
  service: 'budget-backend',
  method: 'GET',
  url: '/?type=overdraft',
  statusCode: 200,
  duration: 6,
  userAgent: 'Mozilla/5.0 (Macintosh; Intel Mac OS X 10_15_7) AppleWebKit/537.36 (KHTML, like Gecko) Chrome/142.0.0.0 Safari/537.36',
  ip: '::1',
  userId: '5f10819f-a875-4ebd-ad4c-72ebd3b19e87',
  timestamp: '2025-11-29 10:25:14',
  level: 'info',
  message: 'HTTP Request'
}
{
  service: 'budget-backend',
  method: 'GET',
  url: '/',
  statusCode: 200,
  duration: 7,
  userAgent: 'Mozilla/5.0 (Macintosh; Intel Mac OS X 10_15_7) AppleWebKit/537.36 (KHTML, like Gecko) Chrome/142.0.0.0 Safari/537.36',
  ip: '::1',
  userId: '5f10819f-a875-4ebd-ad4c-72ebd3b19e87',
  timestamp: '2025-11-29 10:25:15',
  level: 'info',
  message: 'HTTP Request'
}
{
  service: 'budget-backend',
  method: 'DELETE',
  url: '/fd4294ab-4334-4047-95be-5f448a30e600',
  statusCode: 200,
  duration: 6,
  userAgent: 'Mozilla/5.0 (Macintosh; Intel Mac OS X 10_15_7) AppleWebKit/537.36 (KHTML, like Gecko) Chrome/142.0.0.0 Safari/537.36',
  ip: '::1',
  userId: '5f10819f-a875-4ebd-ad4c-72ebd3b19e87',
  timestamp: '2025-11-29 10:25:18',
  level: 'info',
  message: 'HTTP Request'
}
{
  service: 'budget-backend',
  method: 'GET',
  url: '/',
  statusCode: 200,
  duration: 3,
  userAgent: 'Mozilla/5.0 (Macintosh; Intel Mac OS X 10_15_7) AppleWebKit/537.36 (KHTML, like Gecko) Chrome/142.0.0.0 Safari/537.36',
  ip: '::1',
  userId: '5f10819f-a875-4ebd-ad4c-72ebd3b19e87',
  timestamp: '2025-11-29 10:25:18',
  level: 'info',
  message: 'HTTP Request'
}
{
  service: 'budget-backend',
  method: 'DELETE',
  url: '/5e8b72bf-1969-4c45-a79b-77ebf403d5da',
  statusCode: 200,
  duration: 7,
  userAgent: 'Mozilla/5.0 (Macintosh; Intel Mac OS X 10_15_7) AppleWebKit/537.36 (KHTML, like Gecko) Chrome/142.0.0.0 Safari/537.36',
  ip: '::1',
  userId: '5f10819f-a875-4ebd-ad4c-72ebd3b19e87',
  timestamp: '2025-11-29 10:25:21',
  level: 'info',
  message: 'HTTP Request'
}
{
  service: 'budget-backend',
  method: 'GET',
  url: '/',
  statusCode: 200,
  duration: 39,
  userAgent: 'Mozilla/5.0 (Macintosh; Intel Mac OS X 10_15_7) AppleWebKit/537.36 (KHTML, like Gecko) Chrome/142.0.0.0 Safari/537.36',
  ip: '::1',
  userId: '5f10819f-a875-4ebd-ad4c-72ebd3b19e87',
  timestamp: '2025-11-29 10:25:21',
  level: 'info',
  message: 'HTTP Request'
}
{
  service: 'budget-backend',
  method: 'DELETE',
  url: '/3e788521-6194-4e4b-ba48-3ac8b6c0b468',
  statusCode: 200,
  duration: 15,
  userAgent: 'Mozilla/5.0 (Macintosh; Intel Mac OS X 10_15_7) AppleWebKit/537.36 (KHTML, like Gecko) Chrome/142.0.0.0 Safari/537.36',
  ip: '::1',
  userId: '5f10819f-a875-4ebd-ad4c-72ebd3b19e87',
  timestamp: '2025-11-29 10:25:23',
  level: 'info',
  message: 'HTTP Request'
}
{
  service: 'budget-backend',
  method: 'GET',
  url: '/',
  statusCode: 200,
  duration: 31,
  userAgent: 'Mozilla/5.0 (Macintosh; Intel Mac OS X 10_15_7) AppleWebKit/537.36 (KHTML, like Gecko) Chrome/142.0.0.0 Safari/537.36',
  ip: '::1',
  userId: '5f10819f-a875-4ebd-ad4c-72ebd3b19e87',
  timestamp: '2025-11-29 10:25:23',
  level: 'info',
  message: 'HTTP Request'
}
{
  service: 'budget-backend',
  method: 'GET',
  url: '/',
  statusCode: 200,
  duration: 12,
  userAgent: 'Mozilla/5.0 (Macintosh; Intel Mac OS X 10_15_7) AppleWebKit/537.36 (KHTML, like Gecko) Chrome/142.0.0.0 Safari/537.36',
  ip: '::1',
  userId: '5f10819f-a875-4ebd-ad4c-72ebd3b19e87',
  timestamp: '2025-11-29 10:25:24',
  level: 'info',
  message: 'HTTP Request'
}
{
  service: 'budget-backend',
  method: 'GET',
  url: '/',
  statusCode: 200,
  duration: 28,
  userAgent: 'Mozilla/5.0 (Macintosh; Intel Mac OS X 10_15_7) AppleWebKit/537.36 (KHTML, like Gecko) Chrome/142.0.0.0 Safari/537.36',
  ip: '::1',
  userId: '5f10819f-a875-4ebd-ad4c-72ebd3b19e87',
  timestamp: '2025-11-29 10:25:24',
  level: 'info',
  message: 'HTTP Request'
}
{
  service: 'budget-backend',
  method: 'GET',
  url: '/categories',
  statusCode: 200,
  duration: 28,
  userAgent: 'Mozilla/5.0 (Macintosh; Intel Mac OS X 10_15_7) AppleWebKit/537.36 (KHTML, like Gecko) Chrome/142.0.0.0 Safari/537.36',
  ip: '::1',
  userId: '5f10819f-a875-4ebd-ad4c-72ebd3b19e87',
  timestamp: '2025-11-29 10:25:24',
  level: 'info',
  message: 'HTTP Request'
}
{
  service: 'budget-backend',
  method: 'GET',
  url: '/?page=1&limit=10',
  statusCode: 200,
  duration: 28,
  userAgent: 'Mozilla/5.0 (Macintosh; Intel Mac OS X 10_15_7) AppleWebKit/537.36 (KHTML, like Gecko) Chrome/142.0.0.0 Safari/537.36',
  ip: '::1',
  userId: '5f10819f-a875-4ebd-ad4c-72ebd3b19e87',
  timestamp: '2025-11-29 10:25:24',
  level: 'info',
  message: 'HTTP Request'
}
{
  service: 'budget-backend',
  method: 'DELETE',
  url: '/12f9bf69-4be9-4dd7-b697-1df6525dc904',
  statusCode: 200,
  duration: 13,
  userAgent: 'Mozilla/5.0 (Macintosh; Intel Mac OS X 10_15_7) AppleWebKit/537.36 (KHTML, like Gecko) Chrome/142.0.0.0 Safari/537.36',
  ip: '::1',
  userId: '5f10819f-a875-4ebd-ad4c-72ebd3b19e87',
  timestamp: '2025-11-29 10:25:28',
  level: 'info',
  message: 'HTTP Request'
}
{
  service: 'budget-backend',
  method: 'GET',
  url: '/?page=1&limit=10',
  statusCode: 200,
  duration: 3,
  userAgent: 'Mozilla/5.0 (Macintosh; Intel Mac OS X 10_15_7) AppleWebKit/537.36 (KHTML, like Gecko) Chrome/142.0.0.0 Safari/537.36',
  ip: '::1',
  userId: '5f10819f-a875-4ebd-ad4c-72ebd3b19e87',
  timestamp: '2025-11-29 10:25:28',
  level: 'info',
  message: 'HTTP Request'
}
{
  service: 'budget-backend',
  method: 'DELETE',
  url: '/78c5f834-a445-4603-818b-8f377d9ec298',
  statusCode: 200,
  duration: 5,
  userAgent: 'Mozilla/5.0 (Macintosh; Intel Mac OS X 10_15_7) AppleWebKit/537.36 (KHTML, like Gecko) Chrome/142.0.0.0 Safari/537.36',
  ip: '::1',
  userId: '5f10819f-a875-4ebd-ad4c-72ebd3b19e87',
  timestamp: '2025-11-29 10:25:31',
  level: 'info',
  message: 'HTTP Request'
}
{
  service: 'budget-backend',
  method: 'GET',
  url: '/?page=1&limit=10',
  statusCode: 200,
  duration: 8,
  userAgent: 'Mozilla/5.0 (Macintosh; Intel Mac OS X 10_15_7) AppleWebKit/537.36 (KHTML, like Gecko) Chrome/142.0.0.0 Safari/537.36',
  ip: '::1',
  userId: '5f10819f-a875-4ebd-ad4c-72ebd3b19e87',
  timestamp: '2025-11-29 10:25:31',
  level: 'info',
  message: 'HTTP Request'
}
{
  service: 'budget-backend',
  method: 'GET',
  url: '/',
  statusCode: 200,
  duration: 4,
  userAgent: 'Mozilla/5.0 (Macintosh; Intel Mac OS X 10_15_7) AppleWebKit/537.36 (KHTML, like Gecko) Chrome/142.0.0.0 Safari/537.36',
  ip: '::1',
  userId: '5f10819f-a875-4ebd-ad4c-72ebd3b19e87',
  timestamp: '2025-11-29 10:25:31',
  level: 'info',
  message: 'HTTP Request'
}
{
  service: 'budget-backend',
  method: 'GET',
  url: '/',
  statusCode: 200,
  duration: 4,
  userAgent: 'Mozilla/5.0 (Macintosh; Intel Mac OS X 10_15_7) AppleWebKit/537.36 (KHTML, like Gecko) Chrome/142.0.0.0 Safari/537.36',
  ip: '::1',
  userId: '5f10819f-a875-4ebd-ad4c-72ebd3b19e87',
  timestamp: '2025-11-29 10:25:31',
  level: 'info',
  message: 'HTTP Request'
}
{
  service: 'budget-backend',
  method: 'GET',
  url: '/',
  statusCode: 200,
  duration: 4,
  userAgent: 'Mozilla/5.0 (Macintosh; Intel Mac OS X 10_15_7) AppleWebKit/537.36 (KHTML, like Gecko) Chrome/142.0.0.0 Safari/537.36',
  ip: '::1',
  userId: '5f10819f-a875-4ebd-ad4c-72ebd3b19e87',
  timestamp: '2025-11-29 10:25:43',
  level: 'info',
  message: 'HTTP Request'
}
{
  service: 'budget-backend',
  method: 'GET',
  url: '/summary',
  statusCode: 200,
  duration: 4,
  userAgent: 'Mozilla/5.0 (Macintosh; Intel Mac OS X 10_15_7) AppleWebKit/537.36 (KHTML, like Gecko) Chrome/142.0.0.0 Safari/537.36',
  ip: '::1',
  userId: '5f10819f-a875-4ebd-ad4c-72ebd3b19e87',
  timestamp: '2025-11-29 10:25:43',
  level: 'info',
  message: 'HTTP Request'
}
{
  service: 'budget-backend',
  method: 'GET',
  url: '/',
  statusCode: 200,
  duration: 5,
  userAgent: 'Mozilla/5.0 (Macintosh; Intel Mac OS X 10_15_7) AppleWebKit/537.36 (KHTML, like Gecko) Chrome/142.0.0.0 Safari/537.36',
  ip: '::1',
  userId: '5f10819f-a875-4ebd-ad4c-72ebd3b19e87',
  timestamp: '2025-11-29 10:25:43',
  level: 'info',
  message: 'HTTP Request'
}
{
  service: 'budget-backend',
  method: 'GET',
  url: '/',
  statusCode: 200,
  duration: 6,
  userAgent: 'Mozilla/5.0 (Macintosh; Intel Mac OS X 10_15_7) AppleWebKit/537.36 (KHTML, like Gecko) Chrome/142.0.0.0 Safari/537.36',
  ip: '::1',
  userId: '5f10819f-a875-4ebd-ad4c-72ebd3b19e87',
  timestamp: '2025-11-29 10:25:45',
  level: 'info',
  message: 'HTTP Request'
}
{
  service: 'budget-backend',
  method: 'GET',
  url: '/upcoming?startDate=2025-10-31&endDate=2025-11-29',
  statusCode: 200,
  duration: 6,
  userAgent: 'Mozilla/5.0 (Macintosh; Intel Mac OS X 10_15_7) AppleWebKit/537.36 (KHTML, like Gecko) Chrome/142.0.0.0 Safari/537.36',
  ip: '::1',
  userId: '5f10819f-a875-4ebd-ad4c-72ebd3b19e87',
  timestamp: '2025-11-29 10:25:45',
  level: 'info',
  message: 'HTTP Request'
}
{
  service: 'budget-backend',
  method: 'GET',
  url: '/?startDate=2025-10-31&endDate=2025-11-29',
  statusCode: 200,
  duration: 7,
  userAgent: 'Mozilla/5.0 (Macintosh; Intel Mac OS X 10_15_7) AppleWebKit/537.36 (KHTML, like Gecko) Chrome/142.0.0.0 Safari/537.36',
  ip: '::1',
  userId: '5f10819f-a875-4ebd-ad4c-72ebd3b19e87',
  timestamp: '2025-11-29 10:25:45',
  level: 'info',
  message: 'HTTP Request'
}
{
  service: 'budget-backend',
  method: 'POST',
  url: '/financial-summary',
  statusCode: 200,
  duration: 284,
  userAgent: 'Mozilla/5.0 (Macintosh; Intel Mac OS X 10_15_7) AppleWebKit/537.36 (KHTML, like Gecko) Chrome/142.0.0.0 Safari/537.36',
  ip: '::1',
  userId: '5f10819f-a875-4ebd-ad4c-72ebd3b19e87',
  timestamp: '2025-11-29 10:25:46',
  level: 'info',
  message: 'HTTP Request'
}
{
  service: 'budget-backend',
  method: 'GET',
  url: '/dashboard/stats',
  statusCode: 200,
  duration: 22,
  userAgent: 'Mozilla/5.0 (Macintosh; Intel Mac OS X 10_15_7) AppleWebKit/537.36 (KHTML, like Gecko) Chrome/142.0.0.0 Safari/537.36',
  ip: '::1',
  userId: '5f10819f-a875-4ebd-ad4c-72ebd3b19e87',
  timestamp: '2025-11-29 10:25:47',
  level: 'info',
  message: 'HTTP Request'
}
{
  service: 'budget-backend',
  method: 'POST',
  url: '/financial-summary',
  statusCode: 200,
  duration: 96,
  userAgent: 'Mozilla/5.0 (Macintosh; Intel Mac OS X 10_15_7) AppleWebKit/537.36 (KHTML, like Gecko) Chrome/142.0.0.0 Safari/537.36',
  ip: '::1',
  userId: '5f10819f-a875-4ebd-ad4c-72ebd3b19e87',
  timestamp: '2025-11-29 10:25:48',
  level: 'info',
  message: 'HTTP Request'
}
{
  service: 'budget-backend',
  method: 'GET',
  url: '/',
  statusCode: 200,
  duration: 7,
  userAgent: 'Mozilla/5.0 (Macintosh; Intel Mac OS X 10_15_7) AppleWebKit/537.36 (KHTML, like Gecko) Chrome/142.0.0.0 Safari/537.36',
  ip: '::1',
  userId: '5f10819f-a875-4ebd-ad4c-72ebd3b19e87',
  timestamp: '2025-11-29 10:25:50',
  level: 'info',
  message: 'HTTP Request'
}
{
  service: 'budget-backend',
  method: 'GET',
  url: '/',
  statusCode: 200,
  duration: 6,
  userAgent: 'Mozilla/5.0 (Macintosh; Intel Mac OS X 10_15_7) AppleWebKit/537.36 (KHTML, like Gecko) Chrome/142.0.0.0 Safari/537.36',
  ip: '::1',
  userId: '5f10819f-a875-4ebd-ad4c-72ebd3b19e87',
  timestamp: '2025-11-29 10:25:50',
  level: 'info',
  message: 'HTTP Request'
}
{
  service: 'budget-backend',
  method: 'GET',
  url: '/',
  statusCode: 200,
  duration: 8,
  userAgent: 'Mozilla/5.0 (Macintosh; Intel Mac OS X 10_15_7) AppleWebKit/537.36 (KHTML, like Gecko) Chrome/142.0.0.0 Safari/537.36',
  ip: '::1',
  userId: '5f10819f-a875-4ebd-ad4c-72ebd3b19e87',
  timestamp: '2025-11-29 10:25:50',
  level: 'info',
  message: 'HTTP Request'
}
{
  service: 'budget-backend',
  method: 'GET',
  url: '/recent?limit=5',
  statusCode: 200,
  duration: 8,
  userAgent: 'Mozilla/5.0 (Macintosh; Intel Mac OS X 10_15_7) AppleWebKit/537.36 (KHTML, like Gecko) Chrome/142.0.0.0 Safari/537.36',
  ip: '::1',
  userId: '5f10819f-a875-4ebd-ad4c-72ebd3b19e87',
  timestamp: '2025-11-29 10:25:50',
  level: 'info',
  message: 'HTTP Request'
}
{
  service: 'budget-backend',
  method: 'GET',
  url: '/',
  statusCode: 200,
  duration: 8,
  userAgent: 'Mozilla/5.0 (Macintosh; Intel Mac OS X 10_15_7) AppleWebKit/537.36 (KHTML, like Gecko) Chrome/142.0.0.0 Safari/537.36',
  ip: '::1',
  userId: '5f10819f-a875-4ebd-ad4c-72ebd3b19e87',
  timestamp: '2025-11-29 10:25:50',
  level: 'info',
  message: 'HTTP Request'
}
{
  service: 'budget-backend',
  method: 'GET',
  url: '/debt-summary',
  statusCode: 200,
  duration: 9,
  userAgent: 'Mozilla/5.0 (Macintosh; Intel Mac OS X 10_15_7) AppleWebKit/537.36 (KHTML, like Gecko) Chrome/142.0.0.0 Safari/537.36',
  ip: '::1',
  userId: '5f10819f-a875-4ebd-ad4c-72ebd3b19e87',
  timestamp: '2025-11-29 10:25:50',
  level: 'info',
  message: 'HTTP Request'
}
{
  service: 'budget-backend',
  userId: '5f10819f-a875-4ebd-ad4c-72ebd3b19e87',
  level: 'info',
  message: 'Detecting overdue payments',
  timestamp: '2025-11-29 10:25:50'
}
{
  service: 'budget-backend',
  userId: '5f10819f-a875-4ebd-ad4c-72ebd3b19e87',
  totalCount: 21,
  totalAmount: 41758,
  level: 'info',
  message: 'Overdue payments detected',
  timestamp: '2025-11-29 10:25:50'
}
{
  service: 'budget-backend',
  method: 'GET',
  url: '/overdue/summary',
  statusCode: 200,
  duration: 17,
  userAgent: 'Mozilla/5.0 (Macintosh; Intel Mac OS X 10_15_7) AppleWebKit/537.36 (KHTML, like Gecko) Chrome/142.0.0.0 Safari/537.36',
  ip: '::1',
  userId: '5f10819f-a875-4ebd-ad4c-72ebd3b19e87',
  timestamp: '2025-11-29 10:25:50',
  level: 'info',
  message: 'HTTP Request'
}
{
  service: 'budget-backend',
  method: 'GET',
  url: '/',
  statusCode: 200,
  duration: 3,
  userAgent: 'Mozilla/5.0 (Macintosh; Intel Mac OS X 10_15_7) AppleWebKit/537.36 (KHTML, like Gecko) Chrome/142.0.0.0 Safari/537.36',
  ip: '::1',
  userId: '5f10819f-a875-4ebd-ad4c-72ebd3b19e87',
  timestamp: '2025-11-29 10:25:55',
  level: 'info',
  message: 'HTTP Request'
}
{
  service: 'budget-backend',
  method: 'GET',
  url: '/',
  statusCode: 200,
  duration: 5,
  userAgent: 'Mozilla/5.0 (Macintosh; Intel Mac OS X 10_15_7) AppleWebKit/537.36 (KHTML, like Gecko) Chrome/142.0.0.0 Safari/537.36',
  ip: '::1',
  userId: '5f10819f-a875-4ebd-ad4c-72ebd3b19e87',
  timestamp: '2025-11-29 10:25:55',
  level: 'info',
  message: 'HTTP Request'
}
{
  service: 'budget-backend',
  method: 'PUT',
  url: '/131bd2b0-9626-439a-8d36-88e4acc1bdcb',
  statusCode: 200,
  duration: 6,
  userAgent: 'Mozilla/5.0 (Macintosh; Intel Mac OS X 10_15_7) AppleWebKit/537.36 (KHTML, like Gecko) Chrome/142.0.0.0 Safari/537.36',
  ip: '::1',
  userId: '5f10819f-a875-4ebd-ad4c-72ebd3b19e87',
  timestamp: '2025-11-29 10:26:02',
  level: 'info',
  message: 'HTTP Request'
}
{
  service: 'budget-backend',
  method: 'GET',
  url: '/',
  statusCode: 200,
  duration: 6,
  userAgent: 'Mozilla/5.0 (Macintosh; Intel Mac OS X 10_15_7) AppleWebKit/537.36 (KHTML, like Gecko) Chrome/142.0.0.0 Safari/537.36',
  ip: '::1',
  userId: '5f10819f-a875-4ebd-ad4c-72ebd3b19e87',
  timestamp: '2025-11-29 10:26:02',
  level: 'info',
  message: 'HTTP Request'
}
{
  service: 'budget-backend',
  method: 'PUT',
  url: '/45e20078-4926-44f9-b309-7b5d5f054fde',
  statusCode: 200,
  duration: 4,
  userAgent: 'Mozilla/5.0 (Macintosh; Intel Mac OS X 10_15_7) AppleWebKit/537.36 (KHTML, like Gecko) Chrome/142.0.0.0 Safari/537.36',
  ip: '::1',
  userId: '5f10819f-a875-4ebd-ad4c-72ebd3b19e87',
  timestamp: '2025-11-29 10:26:05',
  level: 'info',
  message: 'HTTP Request'
}
{
  service: 'budget-backend',
  method: 'GET',
  url: '/',
  statusCode: 200,
  duration: 3,
  userAgent: 'Mozilla/5.0 (Macintosh; Intel Mac OS X 10_15_7) AppleWebKit/537.36 (KHTML, like Gecko) Chrome/142.0.0.0 Safari/537.36',
  ip: '::1',
  userId: '5f10819f-a875-4ebd-ad4c-72ebd3b19e87',
  timestamp: '2025-11-29 10:26:05',
  level: 'info',
  message: 'HTTP Request'
}
{
  service: 'budget-backend',
  method: 'PUT',
  url: '/84059024-f195-4fee-a5b3-d48c8860dbe1',
  statusCode: 200,
  duration: 3,
  userAgent: 'Mozilla/5.0 (Macintosh; Intel Mac OS X 10_15_7) AppleWebKit/537.36 (KHTML, like Gecko) Chrome/142.0.0.0 Safari/537.36',
  ip: '::1',
  userId: '5f10819f-a875-4ebd-ad4c-72ebd3b19e87',
  timestamp: '2025-11-29 10:26:07',
  level: 'info',
  message: 'HTTP Request'
}
{
  service: 'budget-backend',
  method: 'GET',
  url: '/',
  statusCode: 200,
  duration: 3,
  userAgent: 'Mozilla/5.0 (Macintosh; Intel Mac OS X 10_15_7) AppleWebKit/537.36 (KHTML, like Gecko) Chrome/142.0.0.0 Safari/537.36',
  ip: '::1',
  userId: '5f10819f-a875-4ebd-ad4c-72ebd3b19e87',
  timestamp: '2025-11-29 10:26:08',
  level: 'info',
  message: 'HTTP Request'
}
{
  service: 'budget-backend',
  method: 'PUT',
  url: '/320579f9-797b-428a-9dd1-5c048c126d85',
  statusCode: 200,
  duration: 6,
  userAgent: 'Mozilla/5.0 (Macintosh; Intel Mac OS X 10_15_7) AppleWebKit/537.36 (KHTML, like Gecko) Chrome/142.0.0.0 Safari/537.36',
  ip: '::1',
  userId: '5f10819f-a875-4ebd-ad4c-72ebd3b19e87',
  timestamp: '2025-11-29 10:26:10',
  level: 'info',
  message: 'HTTP Request'
}
{
  service: 'budget-backend',
  method: 'GET',
  url: '/',
  statusCode: 200,
  duration: 3,
  userAgent: 'Mozilla/5.0 (Macintosh; Intel Mac OS X 10_15_7) AppleWebKit/537.36 (KHTML, like Gecko) Chrome/142.0.0.0 Safari/537.36',
  ip: '::1',
  userId: '5f10819f-a875-4ebd-ad4c-72ebd3b19e87',
  timestamp: '2025-11-29 10:26:10',
  level: 'info',
  message: 'HTTP Request'
}
{
  service: 'budget-backend',
  method: 'PUT',
  url: '/d692f73b-01e3-4362-a34e-eb565716fff0',
  statusCode: 200,
  duration: 3,
  userAgent: 'Mozilla/5.0 (Macintosh; Intel Mac OS X 10_15_7) AppleWebKit/537.36 (KHTML, like Gecko) Chrome/142.0.0.0 Safari/537.36',
  ip: '::1',
  userId: '5f10819f-a875-4ebd-ad4c-72ebd3b19e87',
  timestamp: '2025-11-29 10:26:11',
  level: 'info',
  message: 'HTTP Request'
}
{
  service: 'budget-backend',
  method: 'GET',
  url: '/',
  statusCode: 200,
  duration: 3,
  userAgent: 'Mozilla/5.0 (Macintosh; Intel Mac OS X 10_15_7) AppleWebKit/537.36 (KHTML, like Gecko) Chrome/142.0.0.0 Safari/537.36',
  ip: '::1',
  userId: '5f10819f-a875-4ebd-ad4c-72ebd3b19e87',
  timestamp: '2025-11-29 10:26:12',
  level: 'info',
  message: 'HTTP Request'
}
{
  service: 'budget-backend',
  method: 'PUT',
  url: '/51f13088-1a2c-4d28-9ecd-deee784d09e3',
  statusCode: 200,
  duration: 5,
  userAgent: 'Mozilla/5.0 (Macintosh; Intel Mac OS X 10_15_7) AppleWebKit/537.36 (KHTML, like Gecko) Chrome/142.0.0.0 Safari/537.36',
  ip: '::1',
  userId: '5f10819f-a875-4ebd-ad4c-72ebd3b19e87',
  timestamp: '2025-11-29 10:26:15',
  level: 'info',
  message: 'HTTP Request'
}
{
  service: 'budget-backend',
  method: 'GET',
  url: '/',
  statusCode: 200,
  duration: 2,
  userAgent: 'Mozilla/5.0 (Macintosh; Intel Mac OS X 10_15_7) AppleWebKit/537.36 (KHTML, like Gecko) Chrome/142.0.0.0 Safari/537.36',
  ip: '::1',
  userId: '5f10819f-a875-4ebd-ad4c-72ebd3b19e87',
  timestamp: '2025-11-29 10:26:15',
  level: 'info',
  message: 'HTTP Request'
}
{
  service: 'budget-backend',
  method: 'PUT',
  url: '/45e20078-4926-44f9-b309-7b5d5f054fde',
  statusCode: 200,
  duration: 3,
  userAgent: 'Mozilla/5.0 (Macintosh; Intel Mac OS X 10_15_7) AppleWebKit/537.36 (KHTML, like Gecko) Chrome/142.0.0.0 Safari/537.36',
  ip: '::1',
  userId: '5f10819f-a875-4ebd-ad4c-72ebd3b19e87',
  timestamp: '2025-11-29 10:26:17',
  level: 'info',
  message: 'HTTP Request'
}
{
  service: 'budget-backend',
  method: 'GET',
  url: '/',
  statusCode: 200,
  duration: 3,
  userAgent: 'Mozilla/5.0 (Macintosh; Intel Mac OS X 10_15_7) AppleWebKit/537.36 (KHTML, like Gecko) Chrome/142.0.0.0 Safari/537.36',
  ip: '::1',
  userId: '5f10819f-a875-4ebd-ad4c-72ebd3b19e87',
  timestamp: '2025-11-29 10:26:17',
  level: 'info',
  message: 'HTTP Request'
}
{
  service: 'budget-backend',
  method: 'GET',
  url: '/',
  statusCode: 200,
  duration: 5,
  userAgent: 'Mozilla/5.0 (Macintosh; Intel Mac OS X 10_15_7) AppleWebKit/537.36 (KHTML, like Gecko) Chrome/142.0.0.0 Safari/537.36',
  ip: '::1',
  userId: '5f10819f-a875-4ebd-ad4c-72ebd3b19e87',
  timestamp: '2025-11-29 10:26:18',
  level: 'info',
  message: 'HTTP Request'
}
{
  service: 'budget-backend',
  method: 'GET',
  url: '/recent?limit=5',
  statusCode: 200,
  duration: 6,
  userAgent: 'Mozilla/5.0 (Macintosh; Intel Mac OS X 10_15_7) AppleWebKit/537.36 (KHTML, like Gecko) Chrome/142.0.0.0 Safari/537.36',
  ip: '::1',
  userId: '5f10819f-a875-4ebd-ad4c-72ebd3b19e87',
  timestamp: '2025-11-29 10:26:18',
  level: 'info',
  message: 'HTTP Request'
}
{
  service: 'budget-backend',
  method: 'GET',
  url: '/',
  statusCode: 200,
  duration: 8,
  userAgent: 'Mozilla/5.0 (Macintosh; Intel Mac OS X 10_15_7) AppleWebKit/537.36 (KHTML, like Gecko) Chrome/142.0.0.0 Safari/537.36',
  ip: '::1',
  userId: '5f10819f-a875-4ebd-ad4c-72ebd3b19e87',
  timestamp: '2025-11-29 10:26:18',
  level: 'info',
  message: 'HTTP Request'
}
{
  service: 'budget-backend',
  method: 'GET',
  url: '/',
  statusCode: 200,
  duration: 7,
  userAgent: 'Mozilla/5.0 (Macintosh; Intel Mac OS X 10_15_7) AppleWebKit/537.36 (KHTML, like Gecko) Chrome/142.0.0.0 Safari/537.36',
  ip: '::1',
  userId: '5f10819f-a875-4ebd-ad4c-72ebd3b19e87',
  timestamp: '2025-11-29 10:26:18',
  level: 'info',
  message: 'HTTP Request'
}
{
  service: 'budget-backend',
  method: 'GET',
  url: '/',
  statusCode: 200,
  duration: 6,
  userAgent: 'Mozilla/5.0 (Macintosh; Intel Mac OS X 10_15_7) AppleWebKit/537.36 (KHTML, like Gecko) Chrome/142.0.0.0 Safari/537.36',
  ip: '::1',
  userId: '5f10819f-a875-4ebd-ad4c-72ebd3b19e87',
  timestamp: '2025-11-29 10:26:18',
  level: 'info',
  message: 'HTTP Request'
}
{
  service: 'budget-backend',
  method: 'GET',
  url: '/debt-summary',
  statusCode: 200,
  duration: 9,
  userAgent: 'Mozilla/5.0 (Macintosh; Intel Mac OS X 10_15_7) AppleWebKit/537.36 (KHTML, like Gecko) Chrome/142.0.0.0 Safari/537.36',
  ip: '::1',
  userId: '5f10819f-a875-4ebd-ad4c-72ebd3b19e87',
  timestamp: '2025-11-29 10:26:18',
  level: 'info',
  message: 'HTTP Request'
}
{
  service: 'budget-backend',
  userId: '5f10819f-a875-4ebd-ad4c-72ebd3b19e87',
  level: 'info',
  message: 'Detecting overdue payments',
  timestamp: '2025-11-29 10:26:18'
}
{
  service: 'budget-backend',
  userId: '5f10819f-a875-4ebd-ad4c-72ebd3b19e87',
  totalCount: 21,
  totalAmount: 41758,
  level: 'info',
  message: 'Overdue payments detected',
  timestamp: '2025-11-29 10:26:18'
}
{
  service: 'budget-backend',
  method: 'GET',
  url: '/overdue/summary',
  statusCode: 200,
  duration: 16,
  userAgent: 'Mozilla/5.0 (Macintosh; Intel Mac OS X 10_15_7) AppleWebKit/537.36 (KHTML, like Gecko) Chrome/142.0.0.0 Safari/537.36',
  ip: '::1',
  userId: '5f10819f-a875-4ebd-ad4c-72ebd3b19e87',
  timestamp: '2025-11-29 10:26:18',
  level: 'info',
  message: 'HTTP Request'
}
{
  service: 'budget-backend',
  method: 'DELETE',
  url: '/85aab5eb-a778-45c0-ac09-1110591d505c',
  statusCode: 200,
  duration: 6,
  userAgent: 'Mozilla/5.0 (Macintosh; Intel Mac OS X 10_15_7) AppleWebKit/537.36 (KHTML, like Gecko) Chrome/142.0.0.0 Safari/537.36',
  ip: '::1',
  userId: '5f10819f-a875-4ebd-ad4c-72ebd3b19e87',
  timestamp: '2025-11-29 10:26:25',
  level: 'info',
  message: 'HTTP Request'
}
{
  service: 'budget-backend',
  method: 'DELETE',
  url: '/3c488aca-c31b-4bb0-954c-34d3d6027ce9',
  statusCode: 200,
  duration: 3,
  userAgent: 'Mozilla/5.0 (Macintosh; Intel Mac OS X 10_15_7) AppleWebKit/537.36 (KHTML, like Gecko) Chrome/142.0.0.0 Safari/537.36',
  ip: '::1',
  userId: '5f10819f-a875-4ebd-ad4c-72ebd3b19e87',
  timestamp: '2025-11-29 10:26:25',
  level: 'info',
  message: 'HTTP Request'
}
{
  service: 'budget-backend',
  method: 'DELETE',
  url: '/ea740467-aced-435c-9388-cdf5b54732fb',
  statusCode: 200,
  duration: 3,
  userAgent: 'Mozilla/5.0 (Macintosh; Intel Mac OS X 10_15_7) AppleWebKit/537.36 (KHTML, like Gecko) Chrome/142.0.0.0 Safari/537.36',
  ip: '::1',
  userId: '5f10819f-a875-4ebd-ad4c-72ebd3b19e87',
  timestamp: '2025-11-29 10:26:26',
  level: 'info',
  message: 'HTTP Request'
}
{
  service: 'budget-backend',
  method: 'GET',
  url: '/',
  statusCode: 200,
  duration: 4,
  userAgent: 'Mozilla/5.0 (Macintosh; Intel Mac OS X 10_15_7) AppleWebKit/537.36 (KHTML, like Gecko) Chrome/142.0.0.0 Safari/537.36',
  ip: '::1',
  userId: '5f10819f-a875-4ebd-ad4c-72ebd3b19e87',
  timestamp: '2025-11-29 10:26:29',
  level: 'info',
  message: 'HTTP Request'
}
{
  service: 'budget-backend',
  method: 'GET',
  url: '/',
  statusCode: 200,
  duration: 4,
  userAgent: 'Mozilla/5.0 (Macintosh; Intel Mac OS X 10_15_7) AppleWebKit/537.36 (KHTML, like Gecko) Chrome/142.0.0.0 Safari/537.36',
  ip: '::1',
  userId: '5f10819f-a875-4ebd-ad4c-72ebd3b19e87',
  timestamp: '2025-11-29 10:26:29',
  level: 'info',
  message: 'HTTP Request'
}
{
  service: 'budget-backend',
  method: 'GET',
  url: '/history/monthly-status?month=11&year=2025',
  statusCode: 200,
  duration: 7,
  userAgent: 'Mozilla/5.0 (Macintosh; Intel Mac OS X 10_15_7) AppleWebKit/537.36 (KHTML, like Gecko) Chrome/142.0.0.0 Safari/537.36',
  ip: '::1',
  userId: '5f10819f-a875-4ebd-ad4c-72ebd3b19e87',
  timestamp: '2025-11-29 10:26:32',
  level: 'info',
  message: 'HTTP Request'
}
{
  service: 'budget-backend',
  userId: '5f10819f-a875-4ebd-ad4c-72ebd3b19e87',
  paymentId: '131bd2b0-9626-439a-8d36-88e4acc1bdcb',
  paymentType: 'fixed_payment',
  count: 0,
  level: 'info',
  message: 'Payment notifications auto-dismissed',
  timestamp: '2025-11-29 10:26:35'
}
{
  service: 'budget-backend',
  method: 'POST',
  url: '/131bd2b0-9626-439a-8d36-88e4acc1bdcb/mark-paid',
  statusCode: 200,
  duration: 17,
  userAgent: 'Mozilla/5.0 (Macintosh; Intel Mac OS X 10_15_7) AppleWebKit/537.36 (KHTML, like Gecko) Chrome/142.0.0.0 Safari/537.36',
  ip: '::1',
  userId: '5f10819f-a875-4ebd-ad4c-72ebd3b19e87',
  timestamp: '2025-11-29 10:26:35',
  level: 'info',
  message: 'HTTP Request'
}
{
  service: 'budget-backend',
  method: 'GET',
  url: '/history/monthly-status?month=11&year=2025',
  statusCode: 200,
  duration: 5,
  userAgent: 'Mozilla/5.0 (Macintosh; Intel Mac OS X 10_15_7) AppleWebKit/537.36 (KHTML, like Gecko) Chrome/142.0.0.0 Safari/537.36',
  ip: '::1',
  userId: '5f10819f-a875-4ebd-ad4c-72ebd3b19e87',
  timestamp: '2025-11-29 10:26:35',
  level: 'info',
  message: 'HTTP Request'
}
{
  service: 'budget-backend',
  userId: '5f10819f-a875-4ebd-ad4c-72ebd3b19e87',
  paymentId: '51f13088-1a2c-4d28-9ecd-deee784d09e3',
  paymentType: 'fixed_payment',
  count: 0,
  level: 'info',
  message: 'Payment notifications auto-dismissed',
  timestamp: '2025-11-29 10:26:37'
}
{
  service: 'budget-backend',
  method: 'POST',
  url: '/51f13088-1a2c-4d28-9ecd-deee784d09e3/mark-paid',
  statusCode: 200,
  duration: 7,
  userAgent: 'Mozilla/5.0 (Macintosh; Intel Mac OS X 10_15_7) AppleWebKit/537.36 (KHTML, like Gecko) Chrome/142.0.0.0 Safari/537.36',
  ip: '::1',
  userId: '5f10819f-a875-4ebd-ad4c-72ebd3b19e87',
  timestamp: '2025-11-29 10:26:37',
  level: 'info',
  message: 'HTTP Request'
}
{
  service: 'budget-backend',
  method: 'GET',
  url: '/history/monthly-status?month=11&year=2025',
  statusCode: 200,
  duration: 6,
  userAgent: 'Mozilla/5.0 (Macintosh; Intel Mac OS X 10_15_7) AppleWebKit/537.36 (KHTML, like Gecko) Chrome/142.0.0.0 Safari/537.36',
  ip: '::1',
  userId: '5f10819f-a875-4ebd-ad4c-72ebd3b19e87',
  timestamp: '2025-11-29 10:26:37',
  level: 'info',
  message: 'HTTP Request'
}
{
  service: 'budget-backend',
  userId: '5f10819f-a875-4ebd-ad4c-72ebd3b19e87',
  paymentId: '0aea5f93-ed26-4486-b39a-d16deb4fd9a9',
  paymentType: 'fixed_payment',
  count: 0,
  level: 'info',
  message: 'Payment notifications auto-dismissed',
  timestamp: '2025-11-29 10:26:46'
}
{
  service: 'budget-backend',
  method: 'POST',
  url: '/0aea5f93-ed26-4486-b39a-d16deb4fd9a9/mark-paid',
  statusCode: 200,
  duration: 4,
  userAgent: 'Mozilla/5.0 (Macintosh; Intel Mac OS X 10_15_7) AppleWebKit/537.36 (KHTML, like Gecko) Chrome/142.0.0.0 Safari/537.36',
  ip: '::1',
  userId: '5f10819f-a875-4ebd-ad4c-72ebd3b19e87',
  timestamp: '2025-11-29 10:26:46',
  level: 'info',
  message: 'HTTP Request'
}
{
  service: 'budget-backend',
  method: 'GET',
  url: '/history/monthly-status?month=11&year=2025',
  statusCode: 200,
  duration: 5,
  userAgent: 'Mozilla/5.0 (Macintosh; Intel Mac OS X 10_15_7) AppleWebKit/537.36 (KHTML, like Gecko) Chrome/142.0.0.0 Safari/537.36',
  ip: '::1',
  userId: '5f10819f-a875-4ebd-ad4c-72ebd3b19e87',
  timestamp: '2025-11-29 10:26:46',
  level: 'info',
  message: 'HTTP Request'
}
{
  service: 'budget-backend',
  userId: '5f10819f-a875-4ebd-ad4c-72ebd3b19e87',
  paymentId: '45e20078-4926-44f9-b309-7b5d5f054fde',
  paymentType: 'fixed_payment',
  count: 0,
  level: 'info',
  message: 'Payment notifications auto-dismissed',
  timestamp: '2025-11-29 10:26:47'
}
{
  service: 'budget-backend',
  method: 'POST',
  url: '/45e20078-4926-44f9-b309-7b5d5f054fde/mark-paid',
  statusCode: 200,
  duration: 4,
  userAgent: 'Mozilla/5.0 (Macintosh; Intel Mac OS X 10_15_7) AppleWebKit/537.36 (KHTML, like Gecko) Chrome/142.0.0.0 Safari/537.36',
  ip: '::1',
  userId: '5f10819f-a875-4ebd-ad4c-72ebd3b19e87',
  timestamp: '2025-11-29 10:26:47',
  level: 'info',
  message: 'HTTP Request'
}
{
  service: 'budget-backend',
  method: 'GET',
  url: '/history/monthly-status?month=11&year=2025',
  statusCode: 200,
  duration: 6,
  userAgent: 'Mozilla/5.0 (Macintosh; Intel Mac OS X 10_15_7) AppleWebKit/537.36 (KHTML, like Gecko) Chrome/142.0.0.0 Safari/537.36',
  ip: '::1',
  userId: '5f10819f-a875-4ebd-ad4c-72ebd3b19e87',
  timestamp: '2025-11-29 10:26:47',
  level: 'info',
  message: 'HTTP Request'
}
{
  service: 'budget-backend',
  userId: '5f10819f-a875-4ebd-ad4c-72ebd3b19e87',
  paymentId: '84059024-f195-4fee-a5b3-d48c8860dbe1',
  paymentType: 'fixed_payment',
  count: 0,
  level: 'info',
  message: 'Payment notifications auto-dismissed',
  timestamp: '2025-11-29 10:26:48'
}
{
  service: 'budget-backend',
  method: 'POST',
  url: '/84059024-f195-4fee-a5b3-d48c8860dbe1/mark-paid',
  statusCode: 200,
  duration: 7,
  userAgent: 'Mozilla/5.0 (Macintosh; Intel Mac OS X 10_15_7) AppleWebKit/537.36 (KHTML, like Gecko) Chrome/142.0.0.0 Safari/537.36',
  ip: '::1',
  userId: '5f10819f-a875-4ebd-ad4c-72ebd3b19e87',
  timestamp: '2025-11-29 10:26:48',
  level: 'info',
  message: 'HTTP Request'
}
{
  service: 'budget-backend',
  method: 'GET',
  url: '/history/monthly-status?month=11&year=2025',
  statusCode: 200,
  duration: 5,
  userAgent: 'Mozilla/5.0 (Macintosh; Intel Mac OS X 10_15_7) AppleWebKit/537.36 (KHTML, like Gecko) Chrome/142.0.0.0 Safari/537.36',
  ip: '::1',
  userId: '5f10819f-a875-4ebd-ad4c-72ebd3b19e87',
  timestamp: '2025-11-29 10:26:48',
  level: 'info',
  message: 'HTTP Request'
}
{
  service: 'budget-backend',
  userId: '5f10819f-a875-4ebd-ad4c-72ebd3b19e87',
  paymentId: '320579f9-797b-428a-9dd1-5c048c126d85',
  paymentType: 'fixed_payment',
  count: 0,
  level: 'info',
  message: 'Payment notifications auto-dismissed',
  timestamp: '2025-11-29 10:26:48'
}
{
  service: 'budget-backend',
  method: 'POST',
  url: '/320579f9-797b-428a-9dd1-5c048c126d85/mark-paid',
  statusCode: 200,
  duration: 6,
  userAgent: 'Mozilla/5.0 (Macintosh; Intel Mac OS X 10_15_7) AppleWebKit/537.36 (KHTML, like Gecko) Chrome/142.0.0.0 Safari/537.36',
  ip: '::1',
  userId: '5f10819f-a875-4ebd-ad4c-72ebd3b19e87',
  timestamp: '2025-11-29 10:26:48',
  level: 'info',
  message: 'HTTP Request'
}
{
  service: 'budget-backend',
  method: 'GET',
  url: '/history/monthly-status?month=11&year=2025',
  statusCode: 200,
  duration: 5,
  userAgent: 'Mozilla/5.0 (Macintosh; Intel Mac OS X 10_15_7) AppleWebKit/537.36 (KHTML, like Gecko) Chrome/142.0.0.0 Safari/537.36',
  ip: '::1',
  userId: '5f10819f-a875-4ebd-ad4c-72ebd3b19e87',
  timestamp: '2025-11-29 10:26:48',
  level: 'info',
  message: 'HTTP Request'
}
{
  service: 'budget-backend',
  userId: '5f10819f-a875-4ebd-ad4c-72ebd3b19e87',
  paymentId: '20a8a901-18a6-4e7a-8bc7-03a681e62e67',
  paymentType: 'fixed_payment',
  count: 0,
  level: 'info',
  message: 'Payment notifications auto-dismissed',
  timestamp: '2025-11-29 10:26:50'
}
{
  service: 'budget-backend',
  method: 'POST',
  url: '/20a8a901-18a6-4e7a-8bc7-03a681e62e67/mark-paid',
  statusCode: 200,
  duration: 6,
  userAgent: 'Mozilla/5.0 (Macintosh; Intel Mac OS X 10_15_7) AppleWebKit/537.36 (KHTML, like Gecko) Chrome/142.0.0.0 Safari/537.36',
  ip: '::1',
  userId: '5f10819f-a875-4ebd-ad4c-72ebd3b19e87',
  timestamp: '2025-11-29 10:26:50',
  level: 'info',
  message: 'HTTP Request'
}
{
  service: 'budget-backend',
  method: 'GET',
  url: '/history/monthly-status?month=11&year=2025',
  statusCode: 200,
  duration: 6,
  userAgent: 'Mozilla/5.0 (Macintosh; Intel Mac OS X 10_15_7) AppleWebKit/537.36 (KHTML, like Gecko) Chrome/142.0.0.0 Safari/537.36',
  ip: '::1',
  userId: '5f10819f-a875-4ebd-ad4c-72ebd3b19e87',
  timestamp: '2025-11-29 10:26:50',
  level: 'info',
  message: 'HTTP Request'
}
{
  service: 'budget-backend',
  userId: '5f10819f-a875-4ebd-ad4c-72ebd3b19e87',
  paymentId: 'cd211666-36f3-411a-8988-c1ffca274d14',
  paymentType: 'fixed_payment',
  count: 0,
  level: 'info',
  message: 'Payment notifications auto-dismissed',
  timestamp: '2025-11-29 10:26:52'
}
{
  service: 'budget-backend',
  method: 'POST',
  url: '/cd211666-36f3-411a-8988-c1ffca274d14/mark-paid',
  statusCode: 200,
  duration: 7,
  userAgent: 'Mozilla/5.0 (Macintosh; Intel Mac OS X 10_15_7) AppleWebKit/537.36 (KHTML, like Gecko) Chrome/142.0.0.0 Safari/537.36',
  ip: '::1',
  userId: '5f10819f-a875-4ebd-ad4c-72ebd3b19e87',
  timestamp: '2025-11-29 10:26:52',
  level: 'info',
  message: 'HTTP Request'
}
{
  service: 'budget-backend',
  method: 'GET',
  url: '/history/monthly-status?month=11&year=2025',
  statusCode: 200,
  duration: 6,
  userAgent: 'Mozilla/5.0 (Macintosh; Intel Mac OS X 10_15_7) AppleWebKit/537.36 (KHTML, like Gecko) Chrome/142.0.0.0 Safari/537.36',
  ip: '::1',
  userId: '5f10819f-a875-4ebd-ad4c-72ebd3b19e87',
  timestamp: '2025-11-29 10:26:52',
  level: 'info',
  message: 'HTTP Request'
}
{
  service: 'budget-backend',
  userId: '5f10819f-a875-4ebd-ad4c-72ebd3b19e87',
  paymentId: 'dabf95e1-20db-452e-b8fe-654e17960c4f',
  paymentType: 'fixed_payment',
  count: 0,
  level: 'info',
  message: 'Payment notifications auto-dismissed',
  timestamp: '2025-11-29 10:26:55'
}
{
  service: 'budget-backend',
  method: 'POST',
  url: '/dabf95e1-20db-452e-b8fe-654e17960c4f/mark-paid',
  statusCode: 200,
  duration: 8,
  userAgent: 'Mozilla/5.0 (Macintosh; Intel Mac OS X 10_15_7) AppleWebKit/537.36 (KHTML, like Gecko) Chrome/142.0.0.0 Safari/537.36',
  ip: '::1',
  userId: '5f10819f-a875-4ebd-ad4c-72ebd3b19e87',
  timestamp: '2025-11-29 10:26:55',
  level: 'info',
  message: 'HTTP Request'
}
{
  service: 'budget-backend',
  method: 'GET',
  url: '/history/monthly-status?month=11&year=2025',
  statusCode: 200,
  duration: 5,
  userAgent: 'Mozilla/5.0 (Macintosh; Intel Mac OS X 10_15_7) AppleWebKit/537.36 (KHTML, like Gecko) Chrome/142.0.0.0 Safari/537.36',
  ip: '::1',
  userId: '5f10819f-a875-4ebd-ad4c-72ebd3b19e87',
  timestamp: '2025-11-29 10:26:55',
  level: 'info',
  message: 'HTTP Request'
}
{
  service: 'budget-backend',
  userId: '5f10819f-a875-4ebd-ad4c-72ebd3b19e87',
  paymentId: '12ac0fab-e624-40ec-8527-26c39666164d',
  paymentType: 'fixed_payment',
  count: 0,
  level: 'info',
  message: 'Payment notifications auto-dismissed',
  timestamp: '2025-11-29 10:26:58'
}
{
  service: 'budget-backend',
  method: 'POST',
  url: '/12ac0fab-e624-40ec-8527-26c39666164d/mark-paid',
  statusCode: 200,
  duration: 6,
  userAgent: 'Mozilla/5.0 (Macintosh; Intel Mac OS X 10_15_7) AppleWebKit/537.36 (KHTML, like Gecko) Chrome/142.0.0.0 Safari/537.36',
  ip: '::1',
  userId: '5f10819f-a875-4ebd-ad4c-72ebd3b19e87',
  timestamp: '2025-11-29 10:26:58',
  level: 'info',
  message: 'HTTP Request'
}
{
  service: 'budget-backend',
  method: 'GET',
  url: '/history/monthly-status?month=11&year=2025',
  statusCode: 200,
  duration: 6,
  userAgent: 'Mozilla/5.0 (Macintosh; Intel Mac OS X 10_15_7) AppleWebKit/537.36 (KHTML, like Gecko) Chrome/142.0.0.0 Safari/537.36',
  ip: '::1',
  userId: '5f10819f-a875-4ebd-ad4c-72ebd3b19e87',
  timestamp: '2025-11-29 10:26:58',
  level: 'info',
  message: 'HTTP Request'
}
{
  service: 'budget-backend',
  userId: '5f10819f-a875-4ebd-ad4c-72ebd3b19e87',
  paymentId: '42910c7c-956e-46df-b328-1e5302b97453',
  paymentType: 'fixed_payment',
  count: 0,
  level: 'info',
  message: 'Payment notifications auto-dismissed',
  timestamp: '2025-11-29 10:27:03'
}
{
  service: 'budget-backend',
  method: 'POST',
  url: '/42910c7c-956e-46df-b328-1e5302b97453/mark-paid',
  statusCode: 200,
  duration: 7,
  userAgent: 'Mozilla/5.0 (Macintosh; Intel Mac OS X 10_15_7) AppleWebKit/537.36 (KHTML, like Gecko) Chrome/142.0.0.0 Safari/537.36',
  ip: '::1',
  userId: '5f10819f-a875-4ebd-ad4c-72ebd3b19e87',
  timestamp: '2025-11-29 10:27:03',
  level: 'info',
  message: 'HTTP Request'
}
{
  service: 'budget-backend',
  method: 'GET',
  url: '/history/monthly-status?month=11&year=2025',
  statusCode: 200,
  duration: 5,
  userAgent: 'Mozilla/5.0 (Macintosh; Intel Mac OS X 10_15_7) AppleWebKit/537.36 (KHTML, like Gecko) Chrome/142.0.0.0 Safari/537.36',
  ip: '::1',
  userId: '5f10819f-a875-4ebd-ad4c-72ebd3b19e87',
  timestamp: '2025-11-29 10:27:03',
  level: 'info',
  message: 'HTTP Request'
}
{
  service: 'budget-backend',
  userId: '5f10819f-a875-4ebd-ad4c-72ebd3b19e87',
  paymentId: '82534ba5-9ea9-4335-a142-15cdcdfd04d6',
  paymentType: 'fixed_payment',
  count: 0,
  level: 'info',
  message: 'Payment notifications auto-dismissed',
  timestamp: '2025-11-29 10:27:07'
}
{
  service: 'budget-backend',
  method: 'POST',
  url: '/82534ba5-9ea9-4335-a142-15cdcdfd04d6/mark-paid',
  statusCode: 200,
  duration: 8,
  userAgent: 'Mozilla/5.0 (Macintosh; Intel Mac OS X 10_15_7) AppleWebKit/537.36 (KHTML, like Gecko) Chrome/142.0.0.0 Safari/537.36',
  ip: '::1',
  userId: '5f10819f-a875-4ebd-ad4c-72ebd3b19e87',
  timestamp: '2025-11-29 10:27:07',
  level: 'info',
  message: 'HTTP Request'
}
{
  service: 'budget-backend',
  method: 'GET',
  url: '/history/monthly-status?month=11&year=2025',
  statusCode: 200,
  duration: 4,
  userAgent: 'Mozilla/5.0 (Macintosh; Intel Mac OS X 10_15_7) AppleWebKit/537.36 (KHTML, like Gecko) Chrome/142.0.0.0 Safari/537.36',
  ip: '::1',
  userId: '5f10819f-a875-4ebd-ad4c-72ebd3b19e87',
  timestamp: '2025-11-29 10:27:07',
  level: 'info',
  message: 'HTTP Request'
}
{
  service: 'budget-backend',
  userId: '5f10819f-a875-4ebd-ad4c-72ebd3b19e87',
  paymentId: '10938cb7-1bcf-4517-a43a-e421f7998df5',
  paymentType: 'fixed_payment',
  count: 0,
  level: 'info',
  message: 'Payment notifications auto-dismissed',
  timestamp: '2025-11-29 10:27:10'
}
{
  service: 'budget-backend',
  method: 'POST',
  url: '/10938cb7-1bcf-4517-a43a-e421f7998df5/mark-paid',
  statusCode: 200,
  duration: 6,
  userAgent: 'Mozilla/5.0 (Macintosh; Intel Mac OS X 10_15_7) AppleWebKit/537.36 (KHTML, like Gecko) Chrome/142.0.0.0 Safari/537.36',
  ip: '::1',
  userId: '5f10819f-a875-4ebd-ad4c-72ebd3b19e87',
  timestamp: '2025-11-29 10:27:10',
  level: 'info',
  message: 'HTTP Request'
}
{
  service: 'budget-backend',
  method: 'GET',
  url: '/history/monthly-status?month=11&year=2025',
  statusCode: 200,
  duration: 5,
  userAgent: 'Mozilla/5.0 (Macintosh; Intel Mac OS X 10_15_7) AppleWebKit/537.36 (KHTML, like Gecko) Chrome/142.0.0.0 Safari/537.36',
  ip: '::1',
  userId: '5f10819f-a875-4ebd-ad4c-72ebd3b19e87',
  timestamp: '2025-11-29 10:27:10',
  level: 'info',
  message: 'HTTP Request'
}
{
  service: 'budget-backend',
  userId: '5f10819f-a875-4ebd-ad4c-72ebd3b19e87',
  paymentId: '5fd8fcac-96f6-4263-b298-3770034080ce',
  paymentType: 'fixed_payment',
  count: 0,
  level: 'info',
  message: 'Payment notifications auto-dismissed',
  timestamp: '2025-11-29 10:27:16'
}
{
  service: 'budget-backend',
  method: 'POST',
  url: '/5fd8fcac-96f6-4263-b298-3770034080ce/mark-paid',
  statusCode: 200,
  duration: 7,
  userAgent: 'Mozilla/5.0 (Macintosh; Intel Mac OS X 10_15_7) AppleWebKit/537.36 (KHTML, like Gecko) Chrome/142.0.0.0 Safari/537.36',
  ip: '::1',
  userId: '5f10819f-a875-4ebd-ad4c-72ebd3b19e87',
  timestamp: '2025-11-29 10:27:16',
  level: 'info',
  message: 'HTTP Request'
}
{
  service: 'budget-backend',
  method: 'GET',
  url: '/history/monthly-status?month=11&year=2025',
  statusCode: 200,
  duration: 4,
  userAgent: 'Mozilla/5.0 (Macintosh; Intel Mac OS X 10_15_7) AppleWebKit/537.36 (KHTML, like Gecko) Chrome/142.0.0.0 Safari/537.36',
  ip: '::1',
  userId: '5f10819f-a875-4ebd-ad4c-72ebd3b19e87',
  timestamp: '2025-11-29 10:27:16',
  level: 'info',
  message: 'HTTP Request'
}
{
  service: 'budget-backend',
  userId: '5f10819f-a875-4ebd-ad4c-72ebd3b19e87',
  paymentId: 'd692f73b-01e3-4362-a34e-eb565716fff0',
  paymentType: 'fixed_payment',
  count: 0,
  level: 'info',
  message: 'Payment notifications auto-dismissed',
  timestamp: '2025-11-29 10:27:18'
}
{
  service: 'budget-backend',
  method: 'POST',
  url: '/d692f73b-01e3-4362-a34e-eb565716fff0/mark-paid',
  statusCode: 200,
  duration: 6,
  userAgent: 'Mozilla/5.0 (Macintosh; Intel Mac OS X 10_15_7) AppleWebKit/537.36 (KHTML, like Gecko) Chrome/142.0.0.0 Safari/537.36',
  ip: '::1',
  userId: '5f10819f-a875-4ebd-ad4c-72ebd3b19e87',
  timestamp: '2025-11-29 10:27:18',
  level: 'info',
  message: 'HTTP Request'
}
{
  service: 'budget-backend',
  method: 'GET',
  url: '/history/monthly-status?month=11&year=2025',
  statusCode: 200,
  duration: 5,
  userAgent: 'Mozilla/5.0 (Macintosh; Intel Mac OS X 10_15_7) AppleWebKit/537.36 (KHTML, like Gecko) Chrome/142.0.0.0 Safari/537.36',
  ip: '::1',
  userId: '5f10819f-a875-4ebd-ad4c-72ebd3b19e87',
  timestamp: '2025-11-29 10:27:19',
  level: 'info',
  message: 'HTTP Request'
}
{
  service: 'budget-backend',
  userId: '5f10819f-a875-4ebd-ad4c-72ebd3b19e87',
  paymentId: 'b08c613c-f77f-4c52-8f69-0f9240d4c3a1',
  paymentType: 'fixed_payment',
  count: 0,
  level: 'info',
  message: 'Payment notifications auto-dismissed',
  timestamp: '2025-11-29 10:27:20'
}
{
  service: 'budget-backend',
  method: 'POST',
  url: '/b08c613c-f77f-4c52-8f69-0f9240d4c3a1/mark-paid',
  statusCode: 200,
  duration: 6,
  userAgent: 'Mozilla/5.0 (Macintosh; Intel Mac OS X 10_15_7) AppleWebKit/537.36 (KHTML, like Gecko) Chrome/142.0.0.0 Safari/537.36',
  ip: '::1',
  userId: '5f10819f-a875-4ebd-ad4c-72ebd3b19e87',
  timestamp: '2025-11-29 10:27:20',
  level: 'info',
  message: 'HTTP Request'
}
{
  service: 'budget-backend',
  method: 'GET',
  url: '/history/monthly-status?month=11&year=2025',
  statusCode: 200,
  duration: 6,
  userAgent: 'Mozilla/5.0 (Macintosh; Intel Mac OS X 10_15_7) AppleWebKit/537.36 (KHTML, like Gecko) Chrome/142.0.0.0 Safari/537.36',
  ip: '::1',
  userId: '5f10819f-a875-4ebd-ad4c-72ebd3b19e87',
  timestamp: '2025-11-29 10:27:20',
  level: 'info',
  message: 'HTTP Request'
}
{
  service: 'budget-backend',
  userId: '5f10819f-a875-4ebd-ad4c-72ebd3b19e87',
  paymentId: '796566e8-4cf9-43f4-be7c-23ef1a511d3a',
  paymentType: 'fixed_payment',
  count: 0,
  level: 'info',
  message: 'Payment notifications auto-dismissed',
  timestamp: '2025-11-29 10:27:22'
}
{
  service: 'budget-backend',
  method: 'POST',
  url: '/796566e8-4cf9-43f4-be7c-23ef1a511d3a/mark-paid',
  statusCode: 200,
  duration: 7,
  userAgent: 'Mozilla/5.0 (Macintosh; Intel Mac OS X 10_15_7) AppleWebKit/537.36 (KHTML, like Gecko) Chrome/142.0.0.0 Safari/537.36',
  ip: '::1',
  userId: '5f10819f-a875-4ebd-ad4c-72ebd3b19e87',
  timestamp: '2025-11-29 10:27:22',
  level: 'info',
  message: 'HTTP Request'
}
{
  service: 'budget-backend',
  method: 'GET',
  url: '/history/monthly-status?month=11&year=2025',
  statusCode: 200,
  duration: 7,
  userAgent: 'Mozilla/5.0 (Macintosh; Intel Mac OS X 10_15_7) AppleWebKit/537.36 (KHTML, like Gecko) Chrome/142.0.0.0 Safari/537.36',
  ip: '::1',
  userId: '5f10819f-a875-4ebd-ad4c-72ebd3b19e87',
  timestamp: '2025-11-29 10:27:22',
  level: 'info',
  message: 'HTTP Request'
}
{
  service: 'budget-backend',
  userId: '5f10819f-a875-4ebd-ad4c-72ebd3b19e87',
  paymentId: 'bcda8f2c-8276-4d3c-a46d-bb24ef786209',
  paymentType: 'fixed_payment',
  count: 0,
  level: 'info',
  message: 'Payment notifications auto-dismissed',
  timestamp: '2025-11-29 10:27:25'
}
{
  service: 'budget-backend',
  method: 'POST',
  url: '/bcda8f2c-8276-4d3c-a46d-bb24ef786209/mark-paid',
  statusCode: 200,
  duration: 6,
  userAgent: 'Mozilla/5.0 (Macintosh; Intel Mac OS X 10_15_7) AppleWebKit/537.36 (KHTML, like Gecko) Chrome/142.0.0.0 Safari/537.36',
  ip: '::1',
  userId: '5f10819f-a875-4ebd-ad4c-72ebd3b19e87',
  timestamp: '2025-11-29 10:27:25',
  level: 'info',
  message: 'HTTP Request'
}
{
  service: 'budget-backend',
  method: 'GET',
  url: '/history/monthly-status?month=11&year=2025',
  statusCode: 200,
  duration: 5,
  userAgent: 'Mozilla/5.0 (Macintosh; Intel Mac OS X 10_15_7) AppleWebKit/537.36 (KHTML, like Gecko) Chrome/142.0.0.0 Safari/537.36',
  ip: '::1',
  userId: '5f10819f-a875-4ebd-ad4c-72ebd3b19e87',
  timestamp: '2025-11-29 10:27:25',
  level: 'info',
  message: 'HTTP Request'
}
{
  service: 'budget-backend',
  method: 'GET',
  url: '/',
  statusCode: 200,
  duration: 2,
  userAgent: 'Mozilla/5.0 (Macintosh; Intel Mac OS X 10_15_7) AppleWebKit/537.36 (KHTML, like Gecko) Chrome/142.0.0.0 Safari/537.36',
  ip: '::1',
  userId: '5f10819f-a875-4ebd-ad4c-72ebd3b19e87',
  timestamp: '2025-11-29 10:27:26',
  level: 'info',
  message: 'HTTP Request'
}
{
  service: 'budget-backend',
  userId: '5f10819f-a875-4ebd-ad4c-72ebd3b19e87',
  paymentId: '670ace57-4579-47ba-8cdd-71759bf5c22d',
  paymentType: 'fixed_payment',
  count: 0,
  level: 'info',
  message: 'Payment notifications auto-dismissed',
  timestamp: '2025-11-29 10:27:27'
}
{
  service: 'budget-backend',
  method: 'POST',
  url: '/670ace57-4579-47ba-8cdd-71759bf5c22d/mark-paid',
  statusCode: 200,
  duration: 6,
  userAgent: 'Mozilla/5.0 (Macintosh; Intel Mac OS X 10_15_7) AppleWebKit/537.36 (KHTML, like Gecko) Chrome/142.0.0.0 Safari/537.36',
  ip: '::1',
  userId: '5f10819f-a875-4ebd-ad4c-72ebd3b19e87',
  timestamp: '2025-11-29 10:27:27',
  level: 'info',
  message: 'HTTP Request'
}
{
  service: 'budget-backend',
  method: 'GET',
  url: '/history/monthly-status?month=11&year=2025',
  statusCode: 200,
  duration: 5,
  userAgent: 'Mozilla/5.0 (Macintosh; Intel Mac OS X 10_15_7) AppleWebKit/537.36 (KHTML, like Gecko) Chrome/142.0.0.0 Safari/537.36',
  ip: '::1',
  userId: '5f10819f-a875-4ebd-ad4c-72ebd3b19e87',
  timestamp: '2025-11-29 10:27:27',
  level: 'info',
  message: 'HTTP Request'
}
{
  service: 'budget-backend',
  userId: '5f10819f-a875-4ebd-ad4c-72ebd3b19e87',
  paymentId: '423206f8-599e-4d20-9f50-f984dff8542c',
  paymentType: 'fixed_payment',
  count: 0,
  level: 'info',
  message: 'Payment notifications auto-dismissed',
  timestamp: '2025-11-29 10:27:29'
}
{
  service: 'budget-backend',
  method: 'POST',
  url: '/423206f8-599e-4d20-9f50-f984dff8542c/mark-paid',
  statusCode: 200,
  duration: 6,
  userAgent: 'Mozilla/5.0 (Macintosh; Intel Mac OS X 10_15_7) AppleWebKit/537.36 (KHTML, like Gecko) Chrome/142.0.0.0 Safari/537.36',
  ip: '::1',
  userId: '5f10819f-a875-4ebd-ad4c-72ebd3b19e87',
  timestamp: '2025-11-29 10:27:29',
  level: 'info',
  message: 'HTTP Request'
}
{
  service: 'budget-backend',
  method: 'GET',
  url: '/history/monthly-status?month=11&year=2025',
  statusCode: 200,
  duration: 6,
  userAgent: 'Mozilla/5.0 (Macintosh; Intel Mac OS X 10_15_7) AppleWebKit/537.36 (KHTML, like Gecko) Chrome/142.0.0.0 Safari/537.36',
  ip: '::1',
  userId: '5f10819f-a875-4ebd-ad4c-72ebd3b19e87',
  timestamp: '2025-11-29 10:27:29',
  level: 'info',
  message: 'HTTP Request'
}
{
  service: 'budget-backend',
  userId: '5f10819f-a875-4ebd-ad4c-72ebd3b19e87',
  paymentId: '51ddd4af-df13-44e1-8c6b-95e58218e4ea',
  paymentType: 'fixed_payment',
  count: 0,
  level: 'info',
  message: 'Payment notifications auto-dismissed',
  timestamp: '2025-11-29 10:27:30'
}
{
  service: 'budget-backend',
  method: 'POST',
  url: '/51ddd4af-df13-44e1-8c6b-95e58218e4ea/mark-paid',
  statusCode: 200,
  duration: 5,
  userAgent: 'Mozilla/5.0 (Macintosh; Intel Mac OS X 10_15_7) AppleWebKit/537.36 (KHTML, like Gecko) Chrome/142.0.0.0 Safari/537.36',
  ip: '::1',
  userId: '5f10819f-a875-4ebd-ad4c-72ebd3b19e87',
  timestamp: '2025-11-29 10:27:30',
  level: 'info',
  message: 'HTTP Request'
}
{
  service: 'budget-backend',
  method: 'GET',
  url: '/history/monthly-status?month=11&year=2025',
  statusCode: 200,
  duration: 6,
  userAgent: 'Mozilla/5.0 (Macintosh; Intel Mac OS X 10_15_7) AppleWebKit/537.36 (KHTML, like Gecko) Chrome/142.0.0.0 Safari/537.36',
  ip: '::1',
  userId: '5f10819f-a875-4ebd-ad4c-72ebd3b19e87',
  timestamp: '2025-11-29 10:27:30',
  level: 'info',
  message: 'HTTP Request'
}
{
  service: 'budget-backend',
  userId: '5f10819f-a875-4ebd-ad4c-72ebd3b19e87',
  paymentId: '935e7ed3-a79b-4192-a3cd-6da1c7802d18',
  paymentType: 'fixed_payment',
  count: 0,
  level: 'info',
  message: 'Payment notifications auto-dismissed',
  timestamp: '2025-11-29 10:27:33'
}
{
  service: 'budget-backend',
  method: 'POST',
  url: '/935e7ed3-a79b-4192-a3cd-6da1c7802d18/mark-paid',
  statusCode: 200,
  duration: 5,
  userAgent: 'Mozilla/5.0 (Macintosh; Intel Mac OS X 10_15_7) AppleWebKit/537.36 (KHTML, like Gecko) Chrome/142.0.0.0 Safari/537.36',
  ip: '::1',
  userId: '5f10819f-a875-4ebd-ad4c-72ebd3b19e87',
  timestamp: '2025-11-29 10:27:33',
  level: 'info',
  message: 'HTTP Request'
}
{
  service: 'budget-backend',
  method: 'GET',
  url: '/history/monthly-status?month=11&year=2025',
  statusCode: 200,
  duration: 6,
  userAgent: 'Mozilla/5.0 (Macintosh; Intel Mac OS X 10_15_7) AppleWebKit/537.36 (KHTML, like Gecko) Chrome/142.0.0.0 Safari/537.36',
  ip: '::1',
  userId: '5f10819f-a875-4ebd-ad4c-72ebd3b19e87',
  timestamp: '2025-11-29 10:27:33',
  level: 'info',
  message: 'HTTP Request'
}
{
  service: 'budget-backend',
  method: 'GET',
  url: '/',
  statusCode: 200,
  duration: 4,
  userAgent: 'Mozilla/5.0 (Macintosh; Intel Mac OS X 10_15_7) AppleWebKit/537.36 (KHTML, like Gecko) Chrome/142.0.0.0 Safari/537.36',
  ip: '::1',
  userId: '5f10819f-a875-4ebd-ad4c-72ebd3b19e87',
  timestamp: '2025-11-29 10:27:48',
  level: 'info',
  message: 'HTTP Request'
}
{
  service: 'budget-backend',
  method: 'GET',
  url: '/categories',
  statusCode: 200,
  duration: 8,
  userAgent: 'Mozilla/5.0 (Macintosh; Intel Mac OS X 10_15_7) AppleWebKit/537.36 (KHTML, like Gecko) Chrome/142.0.0.0 Safari/537.36',
  ip: '::1',
  userId: '5f10819f-a875-4ebd-ad4c-72ebd3b19e87',
  timestamp: '2025-11-29 10:27:48',
  level: 'info',
  message: 'HTTP Request'
}
{
  service: 'budget-backend',
  method: 'GET',
  url: '/',
  statusCode: 200,
  duration: 10,
  userAgent: 'Mozilla/5.0 (Macintosh; Intel Mac OS X 10_15_7) AppleWebKit/537.36 (KHTML, like Gecko) Chrome/142.0.0.0 Safari/537.36',
  ip: '::1',
  userId: '5f10819f-a875-4ebd-ad4c-72ebd3b19e87',
  timestamp: '2025-11-29 10:27:48',
  level: 'info',
  message: 'HTTP Request'
}
{
  service: 'budget-backend',
  method: 'GET',
  url: '/?page=1&limit=10',
  statusCode: 200,
  duration: 8,
  userAgent: 'Mozilla/5.0 (Macintosh; Intel Mac OS X 10_15_7) AppleWebKit/537.36 (KHTML, like Gecko) Chrome/142.0.0.0 Safari/537.36',
  ip: '::1',
  userId: '5f10819f-a875-4ebd-ad4c-72ebd3b19e87',
  timestamp: '2025-11-29 10:27:48',
  level: 'info',
  message: 'HTTP Request'
}
{
  service: 'budget-backend',
  method: 'GET',
  url: '/',
  statusCode: 200,
  duration: 4,
  userAgent: 'Mozilla/5.0 (Macintosh; Intel Mac OS X 10_15_7) AppleWebKit/537.36 (KHTML, like Gecko) Chrome/142.0.0.0 Safari/537.36',
  ip: '::1',
  userId: '5f10819f-a875-4ebd-ad4c-72ebd3b19e87',
  timestamp: '2025-11-29 10:27:48',
  level: 'info',
  message: 'HTTP Request'
}
{
  service: 'budget-backend',
  method: 'GET',
  url: '/',
  statusCode: 200,
  duration: 6,
  userAgent: 'Mozilla/5.0 (Macintosh; Intel Mac OS X 10_15_7) AppleWebKit/537.36 (KHTML, like Gecko) Chrome/142.0.0.0 Safari/537.36',
  ip: '::1',
  userId: '5f10819f-a875-4ebd-ad4c-72ebd3b19e87',
  timestamp: '2025-11-29 10:27:48',
  level: 'info',
  message: 'HTTP Request'
}
{
  service: 'budget-backend',
  method: 'GET',
  url: '/',
  statusCode: 200,
  duration: 6,
  userAgent: 'Mozilla/5.0 (Macintosh; Intel Mac OS X 10_15_7) AppleWebKit/537.36 (KHTML, like Gecko) Chrome/142.0.0.0 Safari/537.36',
  ip: '::1',
  userId: '5f10819f-a875-4ebd-ad4c-72ebd3b19e87',
  timestamp: '2025-11-29 10:27:50',
  level: 'info',
  message: 'HTTP Request'
}
{
  service: 'budget-backend',
  method: 'GET',
  url: '/',
  statusCode: 200,
  duration: 7,
  userAgent: 'Mozilla/5.0 (Macintosh; Intel Mac OS X 10_15_7) AppleWebKit/537.36 (KHTML, like Gecko) Chrome/142.0.0.0 Safari/537.36',
  ip: '::1',
  userId: '5f10819f-a875-4ebd-ad4c-72ebd3b19e87',
  timestamp: '2025-11-29 10:27:50',
  level: 'info',
  message: 'HTTP Request'
}
{
  service: 'budget-backend',
  method: 'GET',
  url: '/recent?limit=5',
  statusCode: 200,
  duration: 7,
  userAgent: 'Mozilla/5.0 (Macintosh; Intel Mac OS X 10_15_7) AppleWebKit/537.36 (KHTML, like Gecko) Chrome/142.0.0.0 Safari/537.36',
  ip: '::1',
  userId: '5f10819f-a875-4ebd-ad4c-72ebd3b19e87',
  timestamp: '2025-11-29 10:27:50',
  level: 'info',
  message: 'HTTP Request'
}
{
  service: 'budget-backend',
  method: 'GET',
  url: '/',
  statusCode: 200,
  duration: 8,
  userAgent: 'Mozilla/5.0 (Macintosh; Intel Mac OS X 10_15_7) AppleWebKit/537.36 (KHTML, like Gecko) Chrome/142.0.0.0 Safari/537.36',
  ip: '::1',
  userId: '5f10819f-a875-4ebd-ad4c-72ebd3b19e87',
  timestamp: '2025-11-29 10:27:50',
  level: 'info',
  message: 'HTTP Request'
}
{
  service: 'budget-backend',
  method: 'GET',
  url: '/',
  statusCode: 200,
  duration: 15,
  userAgent: 'Mozilla/5.0 (Macintosh; Intel Mac OS X 10_15_7) AppleWebKit/537.36 (KHTML, like Gecko) Chrome/142.0.0.0 Safari/537.36',
  ip: '::1',
  userId: '5f10819f-a875-4ebd-ad4c-72ebd3b19e87',
  timestamp: '2025-11-29 10:27:50',
  level: 'info',
  message: 'HTTP Request'
}
{
  service: 'budget-backend',
  method: 'GET',
  url: '/debt-summary',
  statusCode: 200,
  duration: 17,
  userAgent: 'Mozilla/5.0 (Macintosh; Intel Mac OS X 10_15_7) AppleWebKit/537.36 (KHTML, like Gecko) Chrome/142.0.0.0 Safari/537.36',
  ip: '::1',
  userId: '5f10819f-a875-4ebd-ad4c-72ebd3b19e87',
  timestamp: '2025-11-29 10:27:50',
  level: 'info',
  message: 'HTTP Request'
}
{
  service: 'budget-backend',
  userId: '5f10819f-a875-4ebd-ad4c-72ebd3b19e87',
  level: 'info',
  message: 'Detecting overdue payments',
  timestamp: '2025-11-29 10:27:50'
}
{
  service: 'budget-backend',
  userId: '5f10819f-a875-4ebd-ad4c-72ebd3b19e87',
  totalCount: 0,
  totalAmount: 0,
  level: 'info',
  message: 'Overdue payments detected',
  timestamp: '2025-11-29 10:27:50'
}
{
  service: 'budget-backend',
  method: 'GET',
  url: '/overdue/summary',
  statusCode: 200,
  duration: 17,
  userAgent: 'Mozilla/5.0 (Macintosh; Intel Mac OS X 10_15_7) AppleWebKit/537.36 (KHTML, like Gecko) Chrome/142.0.0.0 Safari/537.36',
  ip: '::1',
  userId: '5f10819f-a875-4ebd-ad4c-72ebd3b19e87',
  timestamp: '2025-11-29 10:27:50',
  level: 'info',
  message: 'HTTP Request'
}
{
  service: 'budget-backend',
  method: 'GET',
  url: '/',
  statusCode: 200,
  duration: 5,
  userAgent: 'Mozilla/5.0 (Macintosh; Intel Mac OS X 10_15_7) AppleWebKit/537.36 (KHTML, like Gecko) Chrome/142.0.0.0 Safari/537.36',
  ip: '::1',
  userId: '5f10819f-a875-4ebd-ad4c-72ebd3b19e87',
  timestamp: '2025-11-29 10:27:55',
  level: 'info',
  message: 'HTTP Request'
}
{
  service: 'budget-backend',
  method: 'GET',
  url: '/summary',
  statusCode: 200,
  duration: 4,
  userAgent: 'Mozilla/5.0 (Macintosh; Intel Mac OS X 10_15_7) AppleWebKit/537.36 (KHTML, like Gecko) Chrome/142.0.0.0 Safari/537.36',
  ip: '::1',
  userId: '5f10819f-a875-4ebd-ad4c-72ebd3b19e87',
  timestamp: '2025-11-29 10:27:55',
  level: 'info',
  message: 'HTTP Request'
}
{
  service: 'budget-backend',
  method: 'GET',
  url: '/',
  statusCode: 200,
  duration: 4,
  userAgent: 'Mozilla/5.0 (Macintosh; Intel Mac OS X 10_15_7) AppleWebKit/537.36 (KHTML, like Gecko) Chrome/142.0.0.0 Safari/537.36',
  ip: '::1',
  userId: '5f10819f-a875-4ebd-ad4c-72ebd3b19e87',
  timestamp: '2025-11-29 10:28:00',
  level: 'info',
  message: 'HTTP Request'
}
{
  service: 'budget-backend',
  method: 'GET',
  url: '/',
  statusCode: 200,
  duration: 4,
  userAgent: 'Mozilla/5.0 (Macintosh; Intel Mac OS X 10_15_7) AppleWebKit/537.36 (KHTML, like Gecko) Chrome/142.0.0.0 Safari/537.36',
  ip: '::1',
  userId: '5f10819f-a875-4ebd-ad4c-72ebd3b19e87',
  timestamp: '2025-11-29 10:28:00',
  level: 'info',
  message: 'HTTP Request'
}
{
  service: 'budget-backend',
  method: 'GET',
  url: '/history/monthly-status?month=11&year=2025',
  statusCode: 200,
  duration: 4,
  userAgent: 'Mozilla/5.0 (Macintosh; Intel Mac OS X 10_15_7) AppleWebKit/537.36 (KHTML, like Gecko) Chrome/142.0.0.0 Safari/537.36',
  ip: '::1',
  userId: '5f10819f-a875-4ebd-ad4c-72ebd3b19e87',
  timestamp: '2025-11-29 10:28:03',
  level: 'info',
  message: 'HTTP Request'
}
{
  service: 'budget-backend',
  method: 'GET',
  url: '/',
  statusCode: 200,
  duration: 5,
  userAgent: 'Mozilla/5.0 (Macintosh; Intel Mac OS X 10_15_7) AppleWebKit/537.36 (KHTML, like Gecko) Chrome/142.0.0.0 Safari/537.36',
  ip: '::1',
  userId: '5f10819f-a875-4ebd-ad4c-72ebd3b19e87',
  timestamp: '2025-11-29 10:28:09',
  level: 'info',
  message: 'HTTP Request'
}
{
  service: 'budget-backend',
  method: 'GET',
  url: '/recent?limit=5',
  statusCode: 200,
  duration: 5,
  userAgent: 'Mozilla/5.0 (Macintosh; Intel Mac OS X 10_15_7) AppleWebKit/537.36 (KHTML, like Gecko) Chrome/142.0.0.0 Safari/537.36',
  ip: '::1',
  userId: '5f10819f-a875-4ebd-ad4c-72ebd3b19e87',
  timestamp: '2025-11-29 10:28:09',
  level: 'info',
  message: 'HTTP Request'
}
{
  service: 'budget-backend',
  method: 'GET',
  url: '/',
  statusCode: 200,
  duration: 7,
  userAgent: 'Mozilla/5.0 (Macintosh; Intel Mac OS X 10_15_7) AppleWebKit/537.36 (KHTML, like Gecko) Chrome/142.0.0.0 Safari/537.36',
  ip: '::1',
  userId: '5f10819f-a875-4ebd-ad4c-72ebd3b19e87',
  timestamp: '2025-11-29 10:28:09',
  level: 'info',
  message: 'HTTP Request'
}
{
  service: 'budget-backend',
  method: 'GET',
  url: '/',
  statusCode: 200,
  duration: 5,
  userAgent: 'Mozilla/5.0 (Macintosh; Intel Mac OS X 10_15_7) AppleWebKit/537.36 (KHTML, like Gecko) Chrome/142.0.0.0 Safari/537.36',
  ip: '::1',
  userId: '5f10819f-a875-4ebd-ad4c-72ebd3b19e87',
  timestamp: '2025-11-29 10:28:09',
  level: 'info',
  message: 'HTTP Request'
}
{
  service: 'budget-backend',
  method: 'GET',
  url: '/',
  statusCode: 200,
  duration: 6,
  userAgent: 'Mozilla/5.0 (Macintosh; Intel Mac OS X 10_15_7) AppleWebKit/537.36 (KHTML, like Gecko) Chrome/142.0.0.0 Safari/537.36',
  ip: '::1',
  userId: '5f10819f-a875-4ebd-ad4c-72ebd3b19e87',
  timestamp: '2025-11-29 10:28:09',
  level: 'info',
  message: 'HTTP Request'
}
{
  service: 'budget-backend',
  method: 'GET',
  url: '/debt-summary',
  statusCode: 200,
  duration: 9,
  userAgent: 'Mozilla/5.0 (Macintosh; Intel Mac OS X 10_15_7) AppleWebKit/537.36 (KHTML, like Gecko) Chrome/142.0.0.0 Safari/537.36',
  ip: '::1',
  userId: '5f10819f-a875-4ebd-ad4c-72ebd3b19e87',
  timestamp: '2025-11-29 10:28:09',
  level: 'info',
  message: 'HTTP Request'
}
{
  service: 'budget-backend',
  userId: '5f10819f-a875-4ebd-ad4c-72ebd3b19e87',
  level: 'info',
  message: 'Detecting overdue payments',
  timestamp: '2025-11-29 10:28:09'
}
{
  service: 'budget-backend',
  userId: '5f10819f-a875-4ebd-ad4c-72ebd3b19e87',
  totalCount: 0,
  totalAmount: 0,
  level: 'info',
  message: 'Overdue payments detected',
  timestamp: '2025-11-29 10:28:09'
}
{
  service: 'budget-backend',
  method: 'GET',
  url: '/overdue/summary',
  statusCode: 200,
  duration: 18,
  userAgent: 'Mozilla/5.0 (Macintosh; Intel Mac OS X 10_15_7) AppleWebKit/537.36 (KHTML, like Gecko) Chrome/142.0.0.0 Safari/537.36',
  ip: '::1',
  userId: '5f10819f-a875-4ebd-ad4c-72ebd3b19e87',
  timestamp: '2025-11-29 10:28:09',
  level: 'info',
  message: 'HTTP Request'
}
{
  service: 'budget-backend',
  method: 'GET',
  url: '/users?page=1&limit=10',
  statusCode: 200,
  duration: 3,
  userAgent: 'Mozilla/5.0 (Macintosh; Intel Mac OS X 10_15_7) AppleWebKit/537.36 (KHTML, like Gecko) Chrome/142.0.0.0 Safari/537.36',
  ip: '::1',
  userId: '5f10819f-a875-4ebd-ad4c-72ebd3b19e87',
  timestamp: '2025-11-29 10:28:11',
  level: 'info',
  message: 'HTTP Request'
}
{
  service: 'budget-backend',
  method: 'DELETE',
  url: '/users/99238d61-492c-490e-a2b6-311df75797d4',
  statusCode: 200,
  duration: 33,
  userAgent: 'Mozilla/5.0 (Macintosh; Intel Mac OS X 10_15_7) AppleWebKit/537.36 (KHTML, like Gecko) Chrome/142.0.0.0 Safari/537.36',
  ip: '::1',
  userId: '5f10819f-a875-4ebd-ad4c-72ebd3b19e87',
  timestamp: '2025-11-29 10:28:16',
  level: 'info',
  message: 'HTTP Request'
}
{
  service: 'budget-backend',
  method: 'GET',
  url: '/users?page=1&limit=10',
  statusCode: 200,
  duration: 4,
  userAgent: 'Mozilla/5.0 (Macintosh; Intel Mac OS X 10_15_7) AppleWebKit/537.36 (KHTML, like Gecko) Chrome/142.0.0.0 Safari/537.36',
  ip: '::1',
  userId: '5f10819f-a875-4ebd-ad4c-72ebd3b19e87',
  timestamp: '2025-11-29 10:28:16',
  level: 'info',
  message: 'HTTP Request'
}
{
  service: 'budget-backend',
  method: 'GET',
  url: '/',
  statusCode: 200,
  duration: 5,
  userAgent: 'Mozilla/5.0 (Macintosh; Intel Mac OS X 10_15_7) AppleWebKit/537.36 (KHTML, like Gecko) Chrome/142.0.0.0 Safari/537.36',
  ip: '::1',
  userId: '5f10819f-a875-4ebd-ad4c-72ebd3b19e87',
  timestamp: '2025-11-29 10:28:18',
  level: 'info',
  message: 'HTTP Request'
}
{
  service: 'budget-backend',
  method: 'GET',
  url: '/recent?limit=5',
  statusCode: 200,
  duration: 5,
  userAgent: 'Mozilla/5.0 (Macintosh; Intel Mac OS X 10_15_7) AppleWebKit/537.36 (KHTML, like Gecko) Chrome/142.0.0.0 Safari/537.36',
  ip: '::1',
  userId: '5f10819f-a875-4ebd-ad4c-72ebd3b19e87',
  timestamp: '2025-11-29 10:28:18',
  level: 'info',
  message: 'HTTP Request'
}
{
  service: 'budget-backend',
  method: 'GET',
  url: '/',
  statusCode: 200,
  duration: 7,
  userAgent: 'Mozilla/5.0 (Macintosh; Intel Mac OS X 10_15_7) AppleWebKit/537.36 (KHTML, like Gecko) Chrome/142.0.0.0 Safari/537.36',
  ip: '::1',
  userId: '5f10819f-a875-4ebd-ad4c-72ebd3b19e87',
  timestamp: '2025-11-29 10:28:18',
  level: 'info',
  message: 'HTTP Request'
}
{
  service: 'budget-backend',
  method: 'GET',
  url: '/',
  statusCode: 200,
  duration: 9,
  userAgent: 'Mozilla/5.0 (Macintosh; Intel Mac OS X 10_15_7) AppleWebKit/537.36 (KHTML, like Gecko) Chrome/142.0.0.0 Safari/537.36',
  ip: '::1',
  userId: '5f10819f-a875-4ebd-ad4c-72ebd3b19e87',
  timestamp: '2025-11-29 10:28:18',
  level: 'info',
  message: 'HTTP Request'
}
{
  service: 'budget-backend',
  method: 'GET',
  url: '/',
  statusCode: 200,
  duration: 7,
  userAgent: 'Mozilla/5.0 (Macintosh; Intel Mac OS X 10_15_7) AppleWebKit/537.36 (KHTML, like Gecko) Chrome/142.0.0.0 Safari/537.36',
  ip: '::1',
  userId: '5f10819f-a875-4ebd-ad4c-72ebd3b19e87',
  timestamp: '2025-11-29 10:28:18',
  level: 'info',
  message: 'HTTP Request'
}
{
  service: 'budget-backend',
  method: 'GET',
  url: '/debt-summary',
  statusCode: 200,
  duration: 9,
  userAgent: 'Mozilla/5.0 (Macintosh; Intel Mac OS X 10_15_7) AppleWebKit/537.36 (KHTML, like Gecko) Chrome/142.0.0.0 Safari/537.36',
  ip: '::1',
  userId: '5f10819f-a875-4ebd-ad4c-72ebd3b19e87',
  timestamp: '2025-11-29 10:28:18',
  level: 'info',
  message: 'HTTP Request'
}
{
  service: 'budget-backend',
  userId: '5f10819f-a875-4ebd-ad4c-72ebd3b19e87',
  level: 'info',
  message: 'Detecting overdue payments',
  timestamp: '2025-11-29 10:28:18'
}
{
  service: 'budget-backend',
  userId: '5f10819f-a875-4ebd-ad4c-72ebd3b19e87',
  totalCount: 0,
  totalAmount: 0,
  level: 'info',
  message: 'Overdue payments detected',
  timestamp: '2025-11-29 10:28:18'
}
{
  service: 'budget-backend',
  method: 'GET',
  url: '/overdue/summary',
  statusCode: 200,
  duration: 17,
  userAgent: 'Mozilla/5.0 (Macintosh; Intel Mac OS X 10_15_7) AppleWebKit/537.36 (KHTML, like Gecko) Chrome/142.0.0.0 Safari/537.36',
  ip: '::1',
  userId: '5f10819f-a875-4ebd-ad4c-72ebd3b19e87',
  timestamp: '2025-11-29 10:28:18',
  level: 'info',
  message: 'HTTP Request'
}
{
  service: 'budget-backend',
  method: 'GET',
  url: '/',
  statusCode: 200,
  duration: 4,
  userAgent: 'Mozilla/5.0 (Macintosh; Intel Mac OS X 10_15_7) AppleWebKit/537.36 (KHTML, like Gecko) Chrome/142.0.0.0 Safari/537.36',
  ip: '::1',
  userId: '5f10819f-a875-4ebd-ad4c-72ebd3b19e87',
  timestamp: '2025-11-29 10:28:26',
  level: 'info',
  message: 'HTTP Request'
}
{
  service: 'budget-backend',
  method: 'GET',
  url: '/',
  statusCode: 200,
  duration: 18,
  userAgent: 'Mozilla/5.0 (Macintosh; Intel Mac OS X 10_15_7) AppleWebKit/537.36 (KHTML, like Gecko) Chrome/142.0.0.0 Safari/537.36',
  ip: '::1',
  userId: '5f10819f-a875-4ebd-ad4c-72ebd3b19e87',
  timestamp: '2025-11-29 10:29:27',
  level: 'info',
  message: 'HTTP Request'
}
{
  service: 'budget-backend',
  method: 'GET',
  url: '/',
  statusCode: 200,
  duration: 3,
  userAgent: 'Mozilla/5.0 (Macintosh; Intel Mac OS X 10_15_7) AppleWebKit/537.36 (KHTML, like Gecko) Chrome/142.0.0.0 Safari/537.36',
  ip: '::1',
  userId: '5f10819f-a875-4ebd-ad4c-72ebd3b19e87',
  timestamp: '2025-11-29 10:30:27',
  level: 'info',
  message: 'HTTP Request'
}
{
  service: 'budget-backend',
  method: 'GET',
  url: '/',
  statusCode: 200,
  duration: 2,
  userAgent: 'Mozilla/5.0 (Macintosh; Intel Mac OS X 10_15_7) AppleWebKit/537.36 (KHTML, like Gecko) Chrome/142.0.0.0 Safari/537.36',
  ip: '::1',
  userId: '5f10819f-a875-4ebd-ad4c-72ebd3b19e87',
  timestamp: '2025-11-29 10:31:27',
  level: 'info',
  message: 'HTTP Request'
}
{
  service: 'budget-backend',
  method: 'GET',
  url: '/',
  statusCode: 200,
  duration: 3,
  userAgent: 'Mozilla/5.0 (Macintosh; Intel Mac OS X 10_15_7) AppleWebKit/537.36 (KHTML, like Gecko) Chrome/142.0.0.0 Safari/537.36',
  ip: '::1',
  userId: '5f10819f-a875-4ebd-ad4c-72ebd3b19e87',
  timestamp: '2025-11-29 10:32:27',
  level: 'info',
  message: 'HTTP Request'
}
{
  service: 'budget-backend',
  method: 'GET',
  url: '/',
  statusCode: 200,
  duration: 3,
  userAgent: 'Mozilla/5.0 (Macintosh; Intel Mac OS X 10_15_7) AppleWebKit/537.36 (KHTML, like Gecko) Chrome/142.0.0.0 Safari/537.36',
  ip: '::1',
  userId: '5f10819f-a875-4ebd-ad4c-72ebd3b19e87',
  timestamp: '2025-11-29 10:34:19',
  level: 'info',
  message: 'HTTP Request'
}
{
  message: 'Email service is disabled',
  level: 'info',
  service: 'budget-backend',
  timestamp: '2025-12-03 19:24:58'
}
